$XAvPqABtrVW4CWn.empty D image.o:
$XAvPqABtrVW4CWn.ffd D image.o:
$XAvPqABtrVW4CWn.ffdDataStart D image.o:
$XAvPqABtrVW4CWn.fitsBuf D image.o:
$XAvPqABtrVW4CWn.fitsKey D image.o:
$XAvPqABtrVW4CWn.headPos D image.o:
$XAvPqABtrVW4CWn.histKey D image.o:
$XAvPqABtrVW4CWn.one D image.o:
$XAvPqABtrVW4CWn.sixty D image.o:
$XAvPqABtrVW4CWn.writingToTape D image.o:
$XAvPqABurVW4SXn.banddelta D taut.o:
$XAvPqABurVW4SXn.bandwave D taut.o:
$XBvPqABtrVW4CWn.FitsAxisLabel.label B image.o:
$XBvPqABtrVW4CWn.FitsAxisLabel.name D image.o:
$XBvPqABtrVW4CWn.FitsAxisLabel.suffix D image.o:
$XBvPqABtrVW4CWn.FitsAxisUnits.axisNames D image.o:
$XBvPqABtrVW4CWn.ImageSimilar.tol D image.o:
$XBvPqABtrVW4CWn.OpenFitsOut.saveName B image.o:
$XBvPqABtrVW4CWn.WriteEOF.wef D image.o:
$XBvPqABurVW4SXn.cc.kfact D taut.o:
$XBvPqABurVW4SXn.cc.ksiz D taut.o:
$XBvPqABurVW4SXn.cc.temp D taut.o:
$XBvPqABurVW4SXn.r2temp.aratio D taut.o:
$XBvPqABurVW4SXn.r2temp.asiz D taut.o:
$XBvPqABurVW4SXn.r2temp.temp D taut.o:
$XBvPqABurVW4SXn.taum.lambda D taut.o:
$XBvPqABurVW4SXn.taum.lambda3 D taut.o:
.div U P.headvars.o:
.div U guts.o:
.div U hp.driver.o:
.div U im.driver.o:
.div U image.o:
.div U laser.driver.o:
.div U lj.driver.o:
.div U map.o:
.div U rc.o:
.div U scan2.o:
.div U search.o:
.div U show.o:
.div U taut.o:
.div U tek.driver.o:
.mul U P.doc.o:
.mul U P.value.o:
.mul U coord.o:
.mul U ft.o:
.mul U guts.o:
.mul U im.driver.o:
.mul U image.o:
.mul U laser.driver.o:
.mul U map.o:
.mul U scan2.o:
.mul U search.o:
.mul U show.o:
.mul U sp.o:
.mul U tek.driver.o:
.mul U vi.o:
.mul U vm.o:
.mul U wc.o:
.rem U cm.o:
.rem U coord.o:
.rem U cp.o:
.rem U hp.driver.o:
.rem U im.driver.o:
.rem U image.o:
.rem U laser.driver.o:
.rem U lj.driver.o:
.rem U map.o:
.rem U rtst.o:
.rem U scan2.o:
.rem U tek.driver.o:
.rem U vc.o:
.rem U xf.o:
.stret2 U history.o:
.stret4 U P.doc.o:
.stret4 U area.o:
.stret4 U image.o:
.stret4 U search.o:
.stret8 U coord.o:
.stret8 U show.o:
.udiv U T.routines.o:
.udiv U show.o:
.umul U show.o:
AddInStk t search.o:
AddOpt T options.o:
AddOpt U graph.o:
AddOpt U grid.o:
AddOpt U map.o:
AddOpt U scale.o:
AddToArray t search.o:
AddToList t search.o:
AllocArea T area.o:
AllocArea U da.o:
AllocLevels t map.o:
AllocMap t map.o:
AllocateScan2Buf T scan2.o:
AllocateScan2MainHdr T scan2.o:
Already_warned D value.o:
Already_warned U vc.o:
Already_warned U wc.o:
Ancestors t T.routines.o:
AreaArea T area.o:
AreaArea U da.o:
AreaLimits T area.o:
AreaLimits U im.o:
AreaLimits U sp.o:
AreaLimits U vm.o:
AreaNumChk T area.o:
AreaNumChk U da.o:
AvgStacks T value.o:
AvgStacks U search.o:
BadLine t scan2.o:
Bbss.bss b area.o:
Bbss.bss b image.o:
Bbss.bss b taut.o:
BottomPoint t map.o:
BumpInterp t interp.o:
CDirErr T errors.o:
CDirErr U cm.o:
CDirErr U data.o:
CDirErr U is.o:
CDirErr U lk.o:
CDirErr U rtst.o:
CDirErr U th.o:
CDirErr U vc.o:
CDirErr U vm.o:
CDirErr U wc.o:
CDirErr U xf.o:
ChangeNextScan2 T scan2.o:
ChckData T data.o:
ChckData U rtst.o:
ChckData U xf.o:
CheckHatch t map.o:
CheckSpace t guts.o:
Child T T.routines.o:
Child U S.routines.o:
ChkAccess T file.o:
ChkAccess U search.o:
ChkAlloc T alloc.o:
ChkAlloc U P.lex.o:
ChkAlloc U P.uservars.o:
ChkAlloc U P.yacc.o:
ChkAlloc U T.routines.o:
ChkAlloc U area.o:
ChkAlloc U guts.o:
ChkAlloc U image.o:
ChkAlloc U macro.o:
ChkAlloc U p.o:
ChkAlloc U pr.o:
ChkAlloc U redirect.o:
ChkAlloc U sc.o:
ChkAlloc U scan2.o:
ChkAlloc U search.o:
ChkAlloc U show.o:
ChkAlloc U sl.o:
ChkAlloc U sp.o:
ChkAlloc U th.o:
ChkAlloc U value.o:
ChkArea T area.o:
ChkArea U im.o:
ChkArea U sp.o:
ChkArea U vm.o:
ChkDrag T data.o:
ChkDrag U af.o:
ChkFound t search.o:
ChkFree T alloc.o:
ChkFree U P.uservars.o:
ChkFree U P.yacc.o:
ChkFree U T.routines.o:
ChkFree U guts.o:
ChkFree U image.o:
ChkFree U macro.o:
ChkFree U p.o:
ChkFree U pr.o:
ChkFree U redirect.o:
ChkFree U sc.o:
ChkFree U scan2.o:
ChkFree U show.o:
ChkFree U sl.o:
ChkFree U sp.o:
ChkFree U th.o:
ChkFree U value.o:
ChkFree U wc.o:
ChkImage T image.o:
ChkImage U cp.o:
ChkImage U im.o:
ChkImage U sl.o:
ChkImage U sp.o:
ChkImage U wf.o:
ChkNaxis t image.o:
ChkNext t scale.o:
ChkOpen T file.o:
ChkOpen U T.routines.o:
ChkOpen U data.o:
ChkOpen U redirect.o:
ChkRRead T scan2.o:
ChkRWrite T scan2.o:
ChkRealloc T alloc.o:
ChkRealloc U P.uservars.o:
ChkRealloc U guts.o:
ChkRealloc U macro.o:
ChkRealloc U scan2.o:
ChkRealloc U value.o:
ChkStack t data.o:
ChooseDecStep T step.o:
ChooseDecStep U grid.o:
ChooseHmsStep T step.o:
ChooseHmsStep U grid.o:
ChooseLogStep T grid.o:
ChooseStep T grid.o:
ChooseStep U map.o:
CleanUp T T.routines.o:
CleanUp U S.routines.o:
CleanUserVars T P.uservars.o:
CleanUserVars U macro.o:
CleanUserVars U main.o:
ClearValues t value.o:
ClipSeg t show.o:
CloseAll T file.o:
CloseAll U main.o:
CloseData T data.o:
CloseData U rtst.o:
CloseDefault T default.o:
CloseDefault U rtst.o:
CloseDir T rtst.o:
CloseDir U main.o:
CloseError t uf.o:
CloseFitsOut T image.o:
CloseFitsOut U main.o:
CloseFitsOut U wc.o:
CloseFitsOut U wf.o:
CloseImage T image.o:
CloseSearch T search.o:
CloseSearch U rtst.o:
ClrDrag T data.o:
ClrStkValue T value.o:
ClrStkValue U rtst.o:
CmbnSim t search.o:
CombInit t main.o:
CombineSimilar T search.o:
CombineSimilar U xf.o:
CopyHdr T image.o:
CopyScan2Preamble T scan2.o:
CopyToString D redirect.o:
CreateData T data.o:
CreateData U rtst.o:
CreateDefault T default.o:
CreateDefault U rtst.o:
CreateSearch T search.o:
CreateSearch U rtst.o:
CsysToAbs T coord.o:
CsysToAbs U rc.o:
CsysToXyz T coord.o:
CsysToXyz U data.o:
CsysToXyz U rc.o:
CsysToXyz U rtst.o:
CsysToXyzArray T coord.o:
CurrentYear t wu.o:
CvtBEndianToLEndian T data.o:
CvtBEndianToLEndian U rtst.o:
DFitsCard T image.o:
DGrNum t show.o:
DirErr T errors.o:
DirErr U default.o:
Dline t guts.o:
DoEscSeq t pr.o:
DumbInterp t interp.o:
DumpHatch t map.o:
DumpLines t map.o:
DxdyMat t coord.o:
EmData T data.o:
EmData U rtst.o:
ExecuteAtPoint T search.o:
ExecuteAtPoint U rtst.o:
FChkOpen T file.o:
FChkOpen U default.o:
FChkOpen U sc.o:
FFitsCard T image.o:
FGetLine t guts.o:
FSafeClose T file.o:
FSafeClose U guts.o:
FSafeClose U im.driver.o:
FSafeClose U laser.driver.o:
FSafeClose U lj.driver.o:
FSafeClose U redirect.o:
FSafeClose U sl.o:
FSafeClose U sp.o:
FSafeClose U tek.driver.o:
FSafeClose U th.o:
FSafeClose U wu.o:
FSafeOpen T file.o:
FSafeOpen U guts.o:
FSafeOpen U laser.driver.o:
FSafeOpen U redirect.o:
FSafeOpen U show.o:
FSafeOpen U sl.o:
FSafeOpen U sp.o:
FSafeOpen U th.o:
FSafeOpen U wu.o:
FieldCompare t S.routines.o:
FillBlock t T.routines.o:
FillInArray T search.o:
FillInArray U lk.o:
FillInWeights T interp.o:
FillInWeights U search.o:
FindForm t guts.o:
FindName t default.o:
FindNear T search.o:
FindNear U rtst.o:
FirstBitSet t S.routines.o:
FitsAxisLabel T image.o:
FitsAxisLabel U cm.o:
FitsAxisLabel U vc.o:
FitsAxisLabel U wc.o:
FitsAxisUnits T image.o:
FitsAxisUnits U cp.o:
FitsCard T image.o:
FixnWrite t rtst.o:
FlushBuf t T.routines.o:
FlushLines t map.o:
FreeArray T search.o:
FreeArray U lk.o:
FreeStkList T data.o:
FreeStkList U xf.o:
GarbCollect T T.routines.o:
GarbCollect U search.o:
GaussInterp t interp.o:
GetBand t taut.o:
GetDevice t show.o:
GetHdrByName T scan2.o:
GetImageLine T image.o:
GetImageLine U cp.o:
GetImageLine U sl.o:
GetImageLine U sp.o:
GetMacro T macro.o:
GetMacro U value.o:
GetNodeIndex t T.routines.o:
GetScan2HdrVar U P.headvars.o:
GetUndone t map.o:
GrNumChar t show.o:
GtGen t guts.o:
GtOpt T options.o:
GtOpt U graph.o:
GtOpt U grid.o:
GtOpt U map.o:
GtOpt U scale.o:
GtRoom t data.o:
GtSpec T guts.o:
GtSpec U hp.driver.o:
GtSpec U im.driver.o:
GtSpec U laser.driver.o:
GtSpec U lj.driver.o:
GtSpec U tek.driver.o:
GtStkDflt T default.o:
GtStkDflt U cm.o:
GtStkDflt U me.o:
GtStkDflt U rtst.o:
GtStkDflt U vc.o:
GtStkIndx t data.o:
GtWinLine t guts.o:
GtWindow t guts.o:
HFitsCard T image.o:
HmsPrint T step.o:
HmsPrint U p.o:
HmsPrint U pl.o:
HmsPrint U rc.o:
HmsPrint U show.o:
HmsPrint U wu.o:
IFitsCard T image.o:
ImNumErr T image.o:
ImageOp T image.o:
ImageOp U im.o:
ImageSimilar T image.o:
ImageSimilar U sp.o:
ImageXGrid T image.o:
ImageXGrid U sl.o:
ImageXGrid U sp.o:
ImageYGrid T image.o:
ImageYGrid U sl.o:
ImageYGrid U sp.o:
InLine t show.o:
InitDevice t show.o:
InitStkLink t search.o:
InitValues T value.o:
InitValues U rtst.o:
InsertSpace t T.routines.o:
InsrtStr t guts.o:
InterpAtPoint T search.o:
InterpAtPoint U is.o:
InterpAtPoint U vm.o:
IsSameData T data.o:
ItsATekFile d tek.driver.o:
ItsATekPrinter d tek.driver.o:
JustPrinting D image.o:
JustPrinting U im.o:
KeyValues T grid.o:
KeyValues U map.o:
LFitsCard T image.o:
LabelPrint T step.o:
LabelPrint U show.o:
LastScan2 T scan2.o:
LbToXyz T coord.o:
LbToXyz U rc.o:
LeftPoint t map.o:
LineCommands t guts.o:
LinkImage T image.o:
LinkImage U im.o:
ListBuf T T.routines.o:
ListHead T T.routines.o:
LocVal T value.o:
LocVal U search.o:
LtoB_RtoT t map.o:
LtoT_BtoR t map.o:
MakeChildren T T.routines.o:
MakeChildren U S.routines.o:
MakeError t file.o:
MakeHatch t map.o:
MakeRoot T T.routines.o:
MakeRoot U S.routines.o:
MapArray t map.o:
Mcursor t guts.o:
MkCsys T coord.o:
MkCsys U rc.o:
MkGraph T graph.o:
MkGraph U pl.o:
MkGraph U sl.o:
MkGraph U sp.o:
MkGraph U th.o:
MkGrid T grid.o:
MkGrid U cm.o:
MkGrid U cp.o:
MkGrid U lk.o:
MkGrid U pl.o:
MkGrid U sl.o:
MkGrid U sp.o:
MkGrid U th.o:
MkGrid U vc.o:
MkGrid U wu.o:
MkMap T map.o:
MkMap U cm.o:
MkMap U cp.o:
MkMap U vc.o:
MkOpt T options.o:
MkOpt U cm.o:
MkOpt U cp.o:
MkOpt U lk.o:
MkOpt U pl.o:
MkOpt U sl.o:
MkOpt U sp.o:
MkOpt U th.o:
MkOpt U vc.o:
MkOpt U wu.o:
MkScale T scale.o:
MkScale U pl.o:
MkSrchIndx T search.o:
MkSrchIndx U lk.o:
MkStkList T data.o:
MkStkList U xf.o:
NewImage T image.o:
NewUserVar T P.uservars.o:
NewUserVar U dv.o:
NextCrd t image.o:
NextInList T options.o:
NextInList U graph.o:
NextInList U scale.o:
NextStk T data.o:
NextStk U me.o:
NextStk U rtst.o:
NextStk U xf.o:
NextStkOnList T data.o:
NextStkOnList U xf.o:
NumDescend t T.routines.o:
NumInds T data.o:
NumInds U rtst.o:
NumInds U th.o:
NumInds U value.o:
ObjectName U pl.o:
OkFreqs T search.o:
OkFreqs U cm.o:
OkFreqs U is.o:
OkFreqs U lk.o:
OkFreqs U rtst.o:
OkFreqs U vc.o:
OkFreqs U vm.o:
OkFreqs U wc.o:
OkStacks T search.o:
OkStacks U cm.o:
OkStacks U is.o:
OkStacks U lk.o:
OkStacks U rtst.o:
OkStacks U th.o:
OkStacks U vc.o:
OkStacks U vm.o:
OkStacks U wc.o:
OkStacks U xf.o:
OpenData T data.o:
OpenData U rtst.o:
OpenDefault T default.o:
OpenDefault U rtst.o:
OpenDir T rtst.o:
OpenFits T image.o:
OpenFits U af.o:
OpenFitsOut T image.o:
OpenFitsOut U wc.o:
OpenScan2 T scan2.o:
OpenSearch T search.o:
OpenSearch U rtst.o:
OpenSearch U xf.o:
PFile T show.o:
PFile U im.driver.o:
PFile U laser.driver.o:
PFile U lj.driver.o:
PFile U tek.driver.o:
Pabort T show.o:
Pabort U faerr.o:
Pabort U main.o:
PadFitsFile T image.o:
PadFitsFile U wc.o:
PageStdout T redirect.o:
PageStdout U P.doc.o:
PageStdout U lc.o:
Pborder T guts.o:
Pborder U grid.o:
Pbounds T guts.o:
Pbounds U cm.o:
Pbounds U cp.o:
Pbounds U lk.o:
Pbounds U sl.o:
Pbounds U sp.o:
Pbounds U th.o:
Pbounds U vc.o:
Pbounds U wu.o:
Pboxes T show.o:
Pboxes U gm.o:
Pcircborder T guts.o:
Pcircborder U grid.o:
Pcreate T guts.o:
Pcstext T guts.o:
Pctext T guts.o:
Pctext U lk.o:
Pctext U pl.o:
Pctext U wu.o:
Pcursor T show.o:
Pcursor U cr.o:
Pcursor U da.o:
Pfigure T guts.o:
Pfigure U gm.o:
Pfigure U graph.o:
Pfigure U lk.o:
Pformat T guts.o:
Pformat U cm.o:
Pformat U cp.o:
Pformat U lk.o:
Pformat U pl.o:
Pformat U sl.o:
Pformat U sp.o:
Pformat U th.o:
Pformat U vc.o:
Pformat U wu.o:
Pformdir T guts.o:
Pfree T guts.o:
Pfull T guts.o:
Pfull U cr.o:
Pfull U gm.o:
PgetType T guts.o:
PgetType U da.o:
PgetType U gm.o:
Pgrnum T guts.o:
PipeStdout T redirect.o:
Plabelfmt T guts.o:
Plabelfmt U grid.o:
PlaceText t show.o:
Pline T guts.o:
Pline U da.o:
Pline U gm.o:
Pline U graph.o:
Pline U grid.o:
Pline U map.o:
Pline U pl.o:
Plinetype T guts.o:
Plinetype U da.o:
Plinetype U gm.o:
Plinetype U graph.o:
Plinetype U grid.o:
Plinetype U lk.o:
Plinetype U map.o:
Plinetype U pl.o:
Plink T guts.o:
Plink U show.o:
Plogbounds T guts.o:
Plogbounds U scale.o:
Plogbounds U sl.o:
Plogbounds U sp.o:
Plogbounds U th.o:
PlotBox t map.o:
PlotStk t lk.o:
Pmove T guts.o:
Pmove U da.o:
Pmove U gm.o:
Pmove U graph.o:
Pmove U grid.o:
Pmove U lk.o:
Pmove U map.o:
Pmove U pl.o:
Pmove U wu.o:
PointtoSphere T coord.o:
PointtoSphere U wu.o:
Povrflow T guts.o:
Pplace T guts.o:
Pplace U cm.o:
Pplace U cp.o:
Pplace U lk.o:
Pplace U pl.o:
Pplace U sl.o:
Pplace U sp.o:
Pplace U th.o:
Pplace U vc.o:
Pplace U wu.o:
PrepareSpectrumHdr t image.o:
PrintHdr T image.o:
PrintScan2Arrays T scan2.o:
PrintScan2MainHdr T scan2.o:
PrintScan2ScanHdr T scan2.o:
PrintUserVars T P.uservars.o:
PrintUserVars U dv.o:
Proj T coord.o:
Proj U lk.o:
Proj U search.o:
Pscreen T guts.o:
Pscreen U cr.o:
Pscreen U gm.o:
Psend T show.o:
Psend U hc.o:
PsetType T guts.o:
PsetType U cm.o:
PsetType U cp.o:
PsetType U lk.o:
PsetType U sl.o:
PsetType U sp.o:
PsetType U vc.o:
PsetType U wu.o:
Pshow T show.o:
Pshow U cm.o:
Pshow U cp.o:
Pshow U gm.o:
Pshow U lk.o:
Pshow U pl.o:
Pshow U sl.o:
Pshow U sp.o:
Pshow U th.o:
Pshow U vc.o:
Pshow U wu.o:
Pstart T guts.o:
Pstart U cm.o:
Pstart U cp.o:
Pstart U lk.o:
Pstart U pl.o:
Pstart U sl.o:
Pstart U sp.o:
Pstart U th.o:
Pstart U vc.o:
Pstart U wu.o:
Pstext T guts.o:
Pterminal T show.o:
Ptext T guts.o:
Ptext U gm.o:
Ptexttype T guts.o:
Ptexttype U pl.o:
Punitsratio T guts.o:
Punitsratio U cm.o:
Punitsratio U cp.o:
Punitsratio U lk.o:
Punlink T guts.o:
Punlink U show.o:
Pupdate T show.o:
Pupdate U da.o:
Pupdate U gm.o:
Pupdate U hc.o:
Pupdate U pl.o:
PushInstr T guts.o:
PutXOnList t area.o:
Pwindow T guts.o:
Pwindow U da.o:
Pwindow U gm.o:
Pwindow U pl.o:
Pxlabel T guts.o:
Pxlabel U grid.o:
Pylabel T guts.o:
Pylabel U grid.o:
RaDecToXyz T coord.o:
RaDecToXyz U rc.o:
RaDecToXyz U rtst.o:
RaDecToXyz U search.o:
RdBlkFor t data.o:
RdData T data.o:
RdData U rtst.o:
RdVaxData T data.o:
RdVaxData U rtst.o:
ReBound T guts.o:
ReBound U grid.o:
ReadBlock t T.routines.o:
ReadFitsSpectrum T image.o:
ReadFitsSpectrum U af.o:
ReadFitsStackData t image.o:
ReadLine T readline.o:
ReadLine U macro.o:
ReadLine U redirect.o:
ReadLine U wu.o:
ReadMainHdr t scan2.o:
ReadNode t T.routines.o:
ReadPreamble T scan2.o:
ReadScan2 T scan2.o:
RedirStdin T redirect.o:
RedirStdout T redirect.o:
RedirToStr T redirect.o:
ReleaseAllSafe T alloc.o:
ReleaseAllSafe U main.o:
ReleaseImageBuff T image.o:
ReleaseImageBuff U cp.o:
RemoveChildren T T.routines.o:
RemoveChildren U S.routines.o:
RemoveSpace t T.routines.o:
ReplaceScan2 T scan2.o:
RescaleImage T image.o:
RescaleImage U im.o:
ResetStdout T redirect.o:
ResetStdout U P.doc.o:
ResetStdout U lc.o:
ResetStdout U main.o:
RightPoint t map.o:
RmDefault T default.o:
RmSearch T search.o:
RmSearch U rtst.o:
RmStkOnList T data.o:
RmStkOnList U search.o:
RmStkOnList U xf.o:
Root T T.routines.o:
Root U S.routines.o:
RotFromPoint T coord.o:
RotFromPoint U rc.o:
Roundd T grid.o:
Roundd U graph.o:
Roundd U map.o:
RtMacro t macro.o:
SFitsCard T image.o:
Saddle t map.o:
SafeAlloc T alloc.o:
SafeAlloc U coord.o:
SafeAlloc U cv.o:
SafeAlloc U data.o:
SafeAlloc U ft.o:
SafeAlloc U image.o:
SafeAlloc U map.o:
SafeAlloc U search.o:
SafeAlloc U vm.o:
SafeClose T file.o:
SafeClose U image.o:
SafeClose U rc.o:
SafeFree T alloc.o:
SafeFree U cm.o:
SafeFree U cp.o:
SafeFree U cv.o:
SafeFree U data.o:
SafeFree U ft.o:
SafeFree U image.o:
SafeFree U map.o:
SafeFree U search.o:
SafeFree U vc.o:
SafeFree U vm.o:
SafeOpen T file.o:
SafeOpen U image.o:
SafeOpen U rc.o:
SaveContour t map.o:
SaveUndone t map.o:
ScaleList t scale.o:
ScaleXy t guts.o:
Scan2HdrNumPut U P.headvars.o:
Scan2HdrNumVal U P.headvars.o:
Scan2HdrStrPut U P.headvars.o:
Scan2HdrStrVal U P.headvars.o:
ScanInStk2 t scanlistsame.o:
ScanListSame T scanlistsame.o:
ScanListSame U search.o:
Sclean T S.routines.o:
Sclean U search.o:
Sclose T S.routines.o:
Sclose U search.o:
Screat T S.routines.o:
Screat U search.o:
SearchFileError T search.o:
SearchFileError U value.o:
SearchFlush T search.o:
SearchFlush U main.o:
SearchFlush U rtst.o:
SearchHdrPrint T search.o:
SearchHdrPrint U rtst.o:
SearchNode t S.routines.o:
SearchUserVar T P.uservars.o:
SearchUserVar U P.headvars.o:
SegSeq t show.o:
SetDataScale T image.o:
SetDataScale U cm.o:
SetDataScale U im.o:
SetDataScale U vc.o:
SetDataScale U wf.o:
SetMaxDis T search.o:
SetMaxDis U xf.o:
SetProj T coord.o:
SetProj U op.o:
SetRcXLimits T coord.o:
SetRcXLimits U cm.o:
SetRcXLimits U is.o:
SetRcXLimits U lk.o:
SetRcXLimits U vc.o:
SetRcXLimits U vm.o:
SetRcXLimits U wc.o:
SetScan2Array T scan2.o:
SetStackPosition T data.o:
SetStackPosition U search.o:
SetStkInterp T interp.o:
SetStkInterp U cm.o:
SetStkInterp U is.o:
SetStkInterp U lk.o:
SetStkInterp U rtst.o:
SetStkInterp U vc.o:
SetStkInterp U vm.o:
SetStkInterp U wc.o:
SetupStackHdr t image.o:
Show t show.o:
ShowAll t show.o:
ShowInBox t show.o:
SkipLine T readline.o:
SkipLine U macro.o:
SliceName t sl.o:
SmartInterp t interp.o:
Sopen T S.routines.o:
Sopen U search.o:
SortBlocks t T.routines.o:
SpName t sp.o:
SpheretoPoint T coord.o:
SpheretoPoint U wu.o:
SplitBlock t T.routines.o:
Sremove T S.routines.o:
Sremove U search.o:
Ssearch T S.routines.o:
Ssearch U search.o:
Sstore T S.routines.o:
Sstore U search.o:
StartHatch t map.o:
StartNextFile T scan2.o:
StartStdImage T image.o:
StartStdImage U cm.o:
StartStdImage U vc.o:
StartStdImage U wc.o:
StdinFile T sc.o:
StdoutFile t redirect.o:
StepSize T grid.o:
Stk1Space T search.o:
Stk1Space U vc.o:
Stk1Space U wc.o:
Stk2Space T search.o:
Stk2Space U cm.o:
StkDskErr T errors.o:
StkDskWrn T errors.o:
StkDskWrn U data.o:
StkIsFull T data.o:
StkIsFull U pl.o:
StkIsFull U rtst.o:
StkIsFull U wf.o:
StkNumErr T errors.o:
StkNumErr U data.o:
StkNumErr U rtst.o:
StkNumErr U th.o:
StkVal t value.o:
StkValMacro T value.o:
StkValMacro U cm.o:
StoreUserStringVar T P.uservars.o:
StoreUserStringVar U P.headvars.o:
SubImage T image.o:
SubImage U im.o:
THName t th.o:
TReadLine T readline.o:
TReadLine U main.o:
Tclose T T.routines.o:
Tclose U S.routines.o:
Tcreate T T.routines.o:
Tcreate U S.routines.o:
TestByteOrder T data.o:
TestByteOrder U rtst.o:
ThdrPrint T T.routines.o:
ThdrPrint U search.o:
TopPoint t map.o:
Topen T T.routines.o:
Topen U S.routines.o:
TriInterp t interp.o:
TxtAngle t lj.driver.o:
UnEmData T data.o:
UnEmData U rtst.o:
UnProj T coord.o:
UnProjArray T coord.o:
UnProjArray U search.o:
UnProjLine T coord.o:
UnProjLine U search.o:
UpdateMainHdr T scan2.o:
WrData T data.o:
WrData U rtst.o:
WrData U xf.o:
WrIndx t data.o:
WrIndxBuf t data.o:
WrSearch T search.o:
WrSearch U rtst.o:
WrSearch U xf.o:
WrStkDflt T default.o:
WrStkDflt U cm.o:
WrStkDflt U me.o:
WrStkDflt U rc.o:
WrStkDflt U vc.o:
WriteBlock t T.routines.o:
WriteEOF T image.o:
WriteFits T image.o:
WriteFits U wf.o:
WriteFitsBuf t image.o:
WriteFitsData t image.o:
WriteFitsDataLine T image.o:
WriteFitsDataLine U wc.o:
WriteFitsHdr T image.o:
WriteFitsHdr U im.o:
WriteFitsHdr U wc.o:
WriteFitsSpectrum T image.o:
WriteFitsSpectrum U wf.o:
WriteNode t T.routines.o:
WriteScan2 T scan2.o:
WriteScan2MainHdr T scan2.o:
WriteSpectrumData t image.o:
WuName t wu.o:
XList T area.o:
XList U sp.o:
XList U vm.o:
XyDistance T coord.o:
XyzToCsys T coord.o:
XyzToCsys U rc.o:
XyzToCsys U rtst.o:
XyzToCsys U search.o:
XyzToLb T coord.o:
XyzToLb U data.o:
XyzToRaDec T coord.o:
XyzToRaDec U data.o:
__ctype U dv.o:
__ctype U edit.o:
__ctype U emacs.o:
__ctype U guts.o:
__ctype U history.o:
__ctype U image.o:
__ctype U laser.driver.o:
__ctype U sc.o:
__ctype U tek.driver.o:
__ctype U vi.o:
__ctype U wu.o:
__dtou U pa.o:
__filbuf U default.o:
__filbuf U faerr.o:
__filbuf U guts.o:
__filbuf U hp.driver.o:
__filbuf U laser.driver.o:
__filbuf U main.o:
__filbuf U readline.o:
__filbuf U scan2.o:
__filbuf U show.o:
__filbuf U tek.driver.o:
__flsbuf U P.lex.o:
__flsbuf U cm.o:
__flsbuf U cp.o:
__flsbuf U im.driver.o:
__flsbuf U laser.driver.o:
__flsbuf U main.o:
__flsbuf U scan2.o:
__flsbuf U search.o:
__flsbuf U tek.driver.o:
__flsbuf U vc.o:
__fsr_init_value N main.o:
__iob U P.default.o:
__iob U P.doc.o:
__iob U P.error.o:
__iob U T.routines.o:
__iob U alloc.o:
__iob U cm.o:
__iob U coord.o:
__iob U cp.o:
__iob U default.o:
__iob U faerr.o:
__iob U hp.driver.o:
__iob U im.driver.o:
__iob U image.o:
__iob U jdate.o:
__iob U laser.driver.o:
__iob U lj.driver.o:
__iob U lk.o:
__iob U macro.o:
__iob U main.o:
__iob U map.o:
__iob U pr.o:
__iob U redirect.o:
__iob U rtst.o:
__iob U sc.o:
__iob U scan2.o:
__iob U search.o:
__iob U show.o:
__iob U tek.driver.o:
__iob U th.o:
__iob U uf.o:
__iob U value.o:
__iob U vc.o:
__iob U vm.o:
__iob U wc.o:
__iob U xf.o:
_exit U uf.o:
abort U faerr.o:
abs U image.o:
abs U lk.o:
access U P.parse.o:
access U data.o:
access U default.o:
access U file.o:
access U hc.o:
access U image.o:
access U macro.o:
access U rc.o:
access U rtst.o:
access U search.o:
ad_ T ad.o:
ad_ U cmd.o:
addnl b vi.o:
adt_ D adt_.o:
adt_ U ad.o:
af T af.o:
af U cmd.o:
aft_ D aft_.o:
aft_ U af.o:
allleaves T P.doc.o:
append t vi.o:
areas D area.o:
areas U da.o:
args b guts.o:
arrayBufs b search.o:
arraySize b search.o:
asgnhdr T P.headvars.o:
asgnhdr U P.yacc.o:
asgnhdr U sc.o:
asgnstrhdr T P.headvars.o:
asgnstrhdr U P.yacc.o:
asgnstrhdr U p.o:
asgnstrhdr U pr.o:
asgnstrhdr U redirect.o:
asgnstrhdr U sc.o:
asin U coord.o:
atan U ft.o:
atan2 U P.yacc.o:
atan2 U coord.o:
atan2 U ft.o:
atan2 U vc.o:
atof U P.lex.o:
atof U cm.o:
atof U jdate.o:
atof U vc.o:
atoi U cm.o:
atoi U edit.o:
atoi U history.o:
atoi U jdate.o:
atoi U sc.o:
atoi U vc.o:
backword t vi.o:
badValueStr d value.o:
badcent d coord.o:
badproj d coord.o:
bc_ T bc.o:
bc_ U cmd.o:
bct_ D bct_.o:
bct_ U bc.o:
beep2 t main.o:
bellchr d edit.o:
bovrflow t guts.o:
box b map.o:
boxes D show.o:
boxes U guts.o:
bsln_ t li.o:
bxCol D guts.o:
bxCol U cm.o:
bxCol U cp.o:
bxCol U cr.o:
bxCol U gm.o:
bxCol U lk.o:
bxCol U pl.o:
bxCol U sl.o:
bxCol U sp.o:
bxCol U th.o:
bxCol U vc.o:
bxCol U wu.o:
bxRow D guts.o:
bxRow U cm.o:
bxRow U cp.o:
bxRow U cr.o:
bxRow U gm.o:
bxRow U lk.o:
bxRow U pl.o:
bxRow U sl.o:
bxRow U sp.o:
bxRow U th.o:
bxRow U vc.o:
bxRow U wu.o:
bzero U jdate.o:
c T p.o:
c U cmd.o:
cDrive b show.o:
cLevels b map.o:
cPic D guts.o:
cPic U graph.o:
cPic U grid.o:
cPic U hc.o:
cPic U map.o:
cPic U pl.o:
cPic U show.o:
cScanLoc b scan2.o:
cScanSize b scan2.o:
cSubscan U pl.o:
c__1 d bc.o:
c__1 d cc.o:
c__1 d cmbn.o:
c__1 d fo.o:
c__1 d gf.o:
c__1 d in.o:
c__1 d li.o:
c__1 d pf.o:
c__1 d pltoch.o:
c__1 d sq.o:
c__1025 d cmbn.o:
c__2 d ad.o:
c__2 d cc.o:
c__2 d cmbn.o:
c__3 d cc.o:
c__3 d cmbn.o:
c__3 d gf.o:
c__3 d in.o:
c__3 d pf.o:
c_b21 d cmbn.o:
c_b26 d in.o:
c_b27 d in.o:
c_b28 d in.o:
c_b6 d li.o:
c_b7 d gf.o:
c_b8 d li.o:
ca_ T ca.o:
ca_ U cmd.o:
caft_ D caft_.o:
caft_ U ca.o:
calcpmat t coord.o:
cat_ D cat_.o:
cat_ U ca.o:
catsn_ t cmbn.o:
cc T taut.o:
cc U image.o:
cc_ T cc.o:
cc_ U cmd.o:
ccfact D taut.o:
ccfact U image.o:
cct_ D cct_.o:
cct_ U cc.o:
cda_stack D P.yacc.o:
cda_stp D P.yacc.o:
cda_type D P.parse.o:
cda_type U P.lex.o:
cda_type U P.value.o:
cda_type U P.yacc.o:
ceil U sp.o:
ceil U step.o:
ceil U vm.o:
center t hp.driver.o:
center t im.driver.o:
center t laser.driver.o:
center t lj.driver.o:
center t tek.driver.o:
cfgetospeed U edit.o:
chX D guts.o:
chX U hp.driver.o:
chX U im.driver.o:
chX U laser.driver.o:
chX U lj.driver.o:
chX U show.o:
chX U tek.driver.o:
chY D guts.o:
chY U hp.driver.o:
chY U im.driver.o:
chY U laser.driver.o:
chY U lj.driver.o:
chY U show.o:
chY U tek.driver.o:
checknode T P.pointer.o:
checknode U P.doc.o:
chisq_ t gf.o:
chkFlag b lk.o:
chkPoint b search.o:
chld_err D P.parse.o:
chld_err U P.default.o:
chld_err U P.doc.o:
chld_err U P.pointer.o:
chmod U faerr.o:
choicepr T P.doc.o:
cifdif T ifdif.o:
cifdif U coord.o:
cifdif U image.o:
cifdif U me.o:
cifdif U taut.o:
cifdif U value.o:
cifdif U vc.o:
cifdif U vm.o:
cifdif U xf.o:
cleanup t hp.driver.o:
cleanup t im.driver.o:
cleanup t laser.driver.o:
cleanup t lj.driver.o:
cleanup t main.o:
cleanup t tek.driver.o:
clear t hp.driver.o:
clear t tek.driver.o:
clearAll D show.o:
clevel b in.o:
clip d coord.o:
close U T.routines.o:
close U data.o:
close U default.o:
close U file.o:
close U history.o:
close U image.o:
close U main.o:
close U rc.o:
close U redirect.o:
close U scan2.o:
close U uf.o:
cm T cm.o:
cm U cmd.o:
cmbn_ T cmbn.o:
cmbn_ U ad.o:
cmbn_ U co.o:
cmbn_ U search.o:
cmbn_ U value.o:
cmbn_ U vm.o:
cmnd_ D main.global.o:
cmnd_ U ad.o:
cmnd_ U af.o:
cmnd_ U bc.o:
cmnd_ U ca.o:
cmnd_ U cc.o:
cmnd_ U cm.o:
cmnd_ U co.o:
cmnd_ U cp.o:
cmnd_ U cr.o:
cmnd_ U cv.o:
cmnd_ U da.o:
cmnd_ U dm.o:
cmnd_ U do.o:
cmnd_ U dv.o:
cmnd_ U el.o:
cmnd_ U ex.o:
cmnd_ U faerr.o:
cmnd_ U fo.o:
cmnd_ U ft.o:
cmnd_ U gf.o:
cmnd_ U gm.o:
cmnd_ U gt.o:
cmnd_ U hc.o:
cmnd_ U im.o:
cmnd_ U in.o:
cmnd_ U is.o:
cmnd_ U lc.o:
cmnd_ U li.o:
cmnd_ U lk.o:
cmnd_ U macro.o:
cmnd_ U main.o:
cmnd_ U me.o:
cmnd_ U nf.o:
cmnd_ U op.o:
cmnd_ U p.o:
cmnd_ U pa.o:
cmnd_ U pf.o:
cmnd_ U pl.o:
cmnd_ U pr.o:
cmnd_ U quit.o:
cmnd_ U rc.o:
cmnd_ U redirect.o:
cmnd_ U rm.o:
cmnd_ U rs.o:
cmnd_ U rtst.o:
cmnd_ U sc.o:
cmnd_ U search.o:
cmnd_ U sl.o:
cmnd_ U sp.o:
cmnd_ U sq.o:
cmnd_ U th.o:
cmnd_ U tp.o:
cmnd_ U tschng.o:
cmnd_ U uf.o:
cmnd_ U us.o:
cmnd_ U v.o:
cmnd_ U value.o:
cmnd_ U vc.o:
cmnd_ U vm.o:
cmnd_ U wc.o:
cmnd_ U wf.o:
cmnd_ U wr.o:
cmnd_ U wu.o:
cmnd_ U xf.o:
cmt_ D cmt_.o:
cmt_ U cm.o:
cnode D P.parse.o:
cnode U P.doc.o:
cnode U P.error.o:
cnode U P.lex.o:
cnode U P.value.o:
cnode U P.yacc.o:
cntlmode t vi.o:
co_ T co.o:
co_ U cmd.o:
combex_ T main.o:
combex_ U do.o:
combex_ U gf.o:
combex_ U gt.o:
combex_ U lc.o:
combex_ U macro.o:
combex_ U me.o:
combex_ U pf.o:
combex_ U redirect.o:
combex_ U rtst.o:
combex_ U search.o:
combex_ U value.o:
combex_ U wc.o:
compField b S.routines.o:
conscan T P.value.o:
constants_ D main.global.o:
constants_ U P.parse.o:
constants_ U main.o:
coreFull D stk.global.o:
coreFull U ca.o:
coreFull U cv.o:
coreFull U data.o:
coreFull U el.o:
coreFull U fo.o:
coreFull U ft.o:
coreFull U gf.o:
coreFull U in.o:
coreFull U interp.o:
coreFull U is.o:
coreFull U li.o:
coreFull U lk.o:
coreFull U main.o:
coreFull U pf.o:
coreFull U rc.o:
coreFull U rm.o:
coreFull U rs.o:
coreFull U rtst.o:
coreFull U search.o:
coreFull U sq.o:
coreFull U th.o:
coreFull U tp.o:
coreFull U uf.o:
coreFull U us.o:
coreFull U value.o:
coreFull U vc.o:
coreFull U vm.o:
coreFull U wc.o:
cos U P.yacc.o:
cos U cm.o:
cos U cmbn.o:
cos U coord.o:
cos U cp.o:
cos U data.o:
cos U ft.o:
cos U grid.o:
cos U guts.o:
cos U image.o:
cos U lk.o:
cos U math_fns.o:
cos U me.o:
cos U rtst.o:
cot_ D cot_.o:
cot_ U co.o:
cplot T cp.o:
cplot U cmd.o:
cproj D coord.global.o:
cproj U cm.o:
cproj U coord.o:
cproj U image.o:
cproj U vc.o:
cproj U wc.o:
cpt_ D cpt_.o:
cpt_ U cp.o:
cr T cr.o:
cr U cmd.o:
cr_ok b emacs.o:
creat U data.o:
creat U default.o:
creat U rc.o:
crnt_ D crnt_.o:
crnt_ U p.o:
crsr D P.parse.o:
crsr U P.yacc.o:
crsr U cr.o:
crt_ D crt_.o:
crt_ U cr.o:
csys D coord.global.o:
csys U cm.o:
csys U coord.o:
csys U data.o:
csys U image.o:
csys U lk.o:
csys U vc.o:
csys U vm.o:
csys U wc.o:
ctext t guts.o:
ctime U faerr.o:
cunits D coord.global.o:
cunits U cm.o:
cunits U coord.o:
cunits U cp.o:
cunits U data.o:
cunits U image.o:
cunits U lk.o:
cunits U me.o:
cunits U rc.o:
cunits U sp.o:
cunits U vc.o:
cunits U vm.o:
cunits U wc.o:
cunits U wu.o:
curBuf b search.o:
curDir D stk.global.o:
curDir U T.routines.o:
curDir U cm.o:
curDir U data.o:
curDir U default.o:
curDir U errors.o:
curDir U is.o:
curDir U lk.o:
curDir U me.o:
curDir U rtst.o:
curDir U search.o:
curDir U th.o:
curDir U value.o:
curDir U vc.o:
curDir U vm.o:
curDir U wc.o:
curDir U xf.o:
curInBuf b map.o:
curInStore b map.o:
curLevel b map.o:
curLinks b map.o:
curSqrDis b search.o:
curStkNum b search.o:
currX b im.driver.o:
currX b laser.driver.o:
currX b lj.driver.o:
currY b im.driver.o:
currY b laser.driver.o:
currY b lj.driver.o:
curscn_ U P.default.o:
curscn_ U P.parse.o:
curscn_ U P.value.o:
curscn_ U ad.o:
curscn_ U gt.o:
curscn_ U main.o:
curscn_ U me.o:
curscn_ U nf.o:
curscn_ U pl.o:
cursor b emacs.o:
cursor t hp.driver.o:
cursor t tek.driver.o:
cursor t vi.o:
cv T cv.o:
cv U cmd.o:
cvt_ D cvt_.o:
cvt_ U cv.o:
cx d im.driver.o:
cx d laser.driver.o:
cx d lj.driver.o:
cx d tek.driver.o:
cy d im.driver.o:
cy d laser.driver.o:
cy d lj.driver.o:
cy d tek.driver.o:
d0 d pl.o:
d60 d pl.o:
d60 d step.o:
d_cleanup D show.o:
d_cleanup U hp.driver.o:
d_cleanup U im.driver.o:
d_cleanup U laser.driver.o:
d_cleanup U lj.driver.o:
d_cleanup U tek.driver.o:
d_clear D show.o:
d_clear U hp.driver.o:
d_clear U im.driver.o:
d_clear U laser.driver.o:
d_clear U lj.driver.o:
d_clear U tek.driver.o:
d_ctext D show.o:
d_ctext U hp.driver.o:
d_ctext U im.driver.o:
d_ctext U laser.driver.o:
d_ctext U lj.driver.o:
d_ctext U tek.driver.o:
d_cursor D show.o:
d_cursor U hp.driver.o:
d_cursor U im.driver.o:
d_cursor U laser.driver.o:
d_cursor U lj.driver.o:
d_cursor U tek.driver.o:
d_line D show.o:
d_line U hp.driver.o:
d_line U im.driver.o:
d_line U laser.driver.o:
d_line U lj.driver.o:
d_line U tek.driver.o:
d_move D show.o:
d_move U hp.driver.o:
d_move U im.driver.o:
d_move U laser.driver.o:
d_move U lj.driver.o:
d_move U tek.driver.o:
d_setlin D show.o:
d_setlin U hp.driver.o:
d_setlin U im.driver.o:
d_setlin U laser.driver.o:
d_setlin U lj.driver.o:
d_setlin U tek.driver.o:
d_settxt D show.o:
d_settxt U hp.driver.o:
d_settxt U im.driver.o:
d_settxt U laser.driver.o:
d_settxt U lj.driver.o:
d_settxt U tek.driver.o:
d_start D show.o:
d_start U hp.driver.o:
d_start U im.driver.o:
d_start U laser.driver.o:
d_start U lj.driver.o:
d_start U tek.driver.o:
d_text D show.o:
d_text U hp.driver.o:
d_text U im.driver.o:
d_text U laser.driver.o:
d_text U lj.driver.o:
d_text U tek.driver.o:
da T da.o:
da U cmd.o:
da_type D P.parse.o:
da_type U P.doc.o:
dat_ D dat_.o:
dat_ U da.o:
dataFile d data.o:
dataStart b scan2.o:
dateToJ2S T jdate.o:
dec b tschng.o:
decdouble T fromdec.o:
decdouble U data.o:
decfloat T fromdec.o:
decfloat U data.o:
declong T fromdec.o:
declong U data.o:
decshort T fromdec.o:
decshort U data.o:
defFile d default.o:
defTerm D show.o:
defaults T P.default.o:
defaults U P.doc.o:
defaults U P.parse.o:
degToRad d P.yacc.o:
degrees d me.o:
del_line t vi.o:
delete t vi.o:
delmotion t vi.o:
delta t image.o:
descend T P.pointer.o:
descend U P.lex.o:
descend U P.parse.o:
df_type D P.parse.o:
df_type U P.doc.o:
dfltName d me.o:
dfour1 T ft.o:
dgrnum t guts.o:
dirName D stk.global.o:
dirName U cm.o:
dirName U data.o:
dirName U default.o:
dirName U lk.o:
dirName U macro.o:
dirName U rtst.o:
dirName U search.o:
dirName U vc.o:
dirName U wc.o:
disFromHatch b map.o:
dissquare T search.o:
dissquare U coord.o:
dissquare U data.o:
dissquare U interp.o:
dline t guts.o:
dm T dm.o:
dm U cmd.o:
dmt_ D dmt_.o:
dmt_ U dm.o:
dmy t im.driver.o:
dmy t laser.driver.o:
dmy t lj.driver.o:
dmy t tek.driver.o:
docmd T do.o:
docmd U cmd.o:
doctree T P.doc.o:
doctree U P.parse.o:
dot_ D dot_.o:
dot_ U do.o:
dots b im.driver.o:
dotted b im.driver.o:
dottype d im.driver.o:
dragon_ D main.global.o:
dragon_ U P.parse.o:
dragon_ U area.o:
dragon_ U cm.o:
dragon_ U da.o:
dragon_ U data.o:
dragon_ U gf.o:
dragon_ U graph.o:
dragon_ U image.o:
dragon_ U in.o:
dragon_ U main.o:
dragon_ U map.o:
dragon_ U options.o:
dragon_ U pf.o:
dragon_ U scale.o:
dragon_ U scan2.o:
dragon_ U search.o:
dragon_ U sl.o:
dragon_ U sp.o:
dragon_ U taut.o:
dragon_ U value.o:
dragon_ U vc.o:
dragon_ U vm.o:
dragon_ U wf.o:
draw t emacs.o:
drivers d show.o:
dtext t guts.o:
dummy D show.o:
dup U redirect.o:
dup U scan2.o:
dv T dv.o:
dv U cmd.o:
dvector T ft.o:
dvt_ D dvt_.o:
dvt_ U dv.o:
dxlabel t guts.o:
dylabel t guts.o:
eToTheX t scale.o:
e_version D edit.o:
e_version U emacs.o:
e_version U vi.o:
ed_crlf T edit.o:
ed_crlf U emacs.o:
ed_crlf U vi.o:
ed_errbuf D editlib.o:
ed_errbuf U edit.o:
ed_failed T editlib.o:
ed_failed U history.o:
ed_flush T edit.o:
ed_flush U emacs.o:
ed_flush U vi.o:
ed_getchar T edit.o:
ed_getchar U emacs.o:
ed_getchar U vi.o:
ed_movstr T editlib.o:
ed_movstr U history.o:
ed_putchar T edit.o:
ed_putchar U emacs.o:
ed_putchar U vi.o:
ed_ringbell T edit.o:
ed_ringbell U emacs.o:
ed_ringbell U vi.o:
ed_setup T edit.o:
ed_setup U emacs.o:
ed_setup U vi.o:
ed_ungetchar T edit.o:
ed_ungetchar U emacs.o:
ed_virt_to_phys T edit.o:
ed_virt_to_phys U emacs.o:
ed_virt_to_phys U vi.o:
ed_window T edit.o:
edit T combedit.o:
edit U main.o:
edit_read T editlib.o:
edit_read U readline.o:
editb D edit.o:
editb U editlib.o:
editb U emacs.o:
editb U vi.o:
editfd d editlib.o:
el_ T el.o:
el_ U cmd.o:
elim_ T el.o:
elim_ U bc.o:
elim_ U data.o:
elt_ D elt_.o:
elt_ U el.o:
em T rtst.o:
em U cmd.o:
emacs_read T emacs.o:
emacs_read U editlib.o:
empty d file.o:
emt_ D emt_.o:
emt_ U rtst.o:
endOfBuffer b search.o:
endPoint b map.o:
endqms d tek.driver.o:
endword t vi.o:
epoch b tschng.o:
epochtol d coord.o:
eqsol_ t li.o:
eqval_ t li.o:
errflag D P.parse.o:
errflag U P.doc.o:
errflag U P.lex.o:
errno U edit.o:
errno U file.o:
error T main.o:
error U P.lex.o:
error U P.uservars.o:
error U T.routines.o:
error U ad.o:
error U af.o:
error U alloc.o:
error U area.o:
error U cm.o:
error U cp.o:
error U da.o:
error U data.o:
error U dv.o:
error U el.o:
error U errors.o:
error U fromvax.o:
error U gm.o:
error U gt.o:
error U guts.o:
error U im.o:
error U image.o:
error U laser.driver.o:
error U macro.o:
error U map.o:
error U me.o:
error U options.o:
error U p.o:
error U pr.o:
error U rc.o:
error U redirect.o:
error U rtst.o:
error U sc.o:
error U scan2.o:
error U search.o:
error U show.o:
error U sl.o:
error U taut.o:
error U tp.o:
error U uf.o:
error U value.o:
error U vc.o:
error U vm.o:
error U wf.o:
error_ T main.o:
error_ U P.default.o:
error_ U P.doc.o:
error_ U P.error.o:
error_ U P.parse.o:
error_ U P.yacc.o:
error_ U bc.o:
error_ U ca.o:
error_ U cc.o:
error_ U cm.o:
error_ U cmbn.o:
error_ U combedit.o:
error_ U coord.o:
error_ U cp.o:
error_ U cr.o:
error_ U cv.o:
error_ U data.o:
error_ U default.o:
error_ U dm.o:
error_ U el.o:
error_ U errors.o:
error_ U eshell.o:
error_ U ex.o:
error_ U faerr.o:
error_ U file.o:
error_ U fo.o:
error_ U ft.o:
error_ U gf.o:
error_ U graph.o:
error_ U grid.o:
error_ U gt.o:
error_ U guts.o:
error_ U im.o:
error_ U in.o:
error_ U interp.o:
error_ U is.o:
error_ U li.o:
error_ U lk.o:
error_ U macro.o:
error_ U map.o:
error_ U pf.o:
error_ U pl.o:
error_ U rc.o:
error_ U redirect.o:
error_ U rm.o:
error_ U rs.o:
error_ U rtst.o:
error_ U sc.o:
error_ U scale.o:
error_ U show.o:
error_ U sq.o:
error_ U taut.o:
error_ U tek.driver.o:
error_ U th.o:
error_ U us.o:
error_ U value.o:
error_ U vc.o:
error_ U wc.o:
error_ U wu.o:
errstr D P.parse.o:
errstr U P.value.o:
errstr U P.yacc.o:
escape t emacs.o:
eshell_ T eshell.o:
eshell_ U P.parse.o:
eshell_ U dm.o:
eshell_ U ex.o:
eshell_ U faerr.o:
eshell_ U im.driver.o:
eshell_ U laser.driver.o:
eshell_ U lj.driver.o:
eshell_ U rtst.o:
eshell_ U tek.driver.o:
ex T ex.o:
ex U cmd.o:
ex_label T P.pointer.o:
ex_label U P.lex.o:
exc_err D P.parse.o:
exc_err U P.default.o:
exchq T exchq.o:
exchq U data.o:
excmd t main.o:
execlp U uf.o:
exit U P.error.o:
exit U P.lex.o:
exit U editlib.o:
exit U faerr.o:
exit U main.o:
exit U quit.o:
exit U taut.o:
exmac T macro.o:
exmac U main.o:
exp U P.yacc.o:
exp U gf.o:
exp U graph.o:
exp U grid.o:
exp U interp.o:
exp U map.o:
exp U scale.o:
exp U show.o:
exp U taut.o:
expargs t macro.o:
ext_ D ext_.o:
ext_ U ex.o:
fDirName D guts.o:
fabs U P.yacc.o:
fabs U area.o:
fabs U cp.o:
fabs U ft.o:
fabs U graph.o:
fabs U grid.o:
fabs U image.o:
fabs U interp.o:
fabs U map.o:
fabs U math_fns.o:
fabs U scale.o:
fabs U show.o:
fabs U vc.o:
fabs U vm.o:
faerr T faerr.o:
faerr U main.o:
fchisq_ t pf.o:
fchmod U scan2.o:
fclose U default.o:
fclose U faerr.o:
fclose U file.o:
fclose U macro.o:
fclose U sc.o:
fclose U scan2.o:
fclose U tek.driver.o:
fcntl U history.o:
fdopen U scan2.o:
ferr T P.error.o:
ferr U P.default.o:
ferr U P.doc.o:
ferr U P.lex.o:
ferr U P.parse.o:
ferr U P.pointer.o:
ferr U P.value.o:
ferr U P.yacc.o:
fflush U P.doc.o:
fflush U T.routines.o:
fflush U default.o:
fflush U faerr.o:
fflush U hp.driver.o:
fflush U im.driver.o:
fflush U laser.driver.o:
fflush U lj.driver.o:
fflush U main.o:
fflush U pr.o:
fflush U redirect.o:
fflush U sc.o:
fflush U tek.driver.o:
fgetc U sc.o:
fgets U P.doc.o:
fgets U default.o:
fgets U sl.o:
fgets U tek.driver.o:
figHeight b lk.o:
figWidth b lk.o:
fignum b lk.o:
filbts_ T filbts.o:
filbts_ U P.headvars.o:
filbts_ U us.o:
fileModTime b scan2.o:
fileno U default.o:
fileno U redirect.o:
filled b lk.o:
findhdr T P.headvars.o:
findhdr U P.lex.o:
findhdr U P.uservars.o:
findhdr U p.o:
findhdr U pr.o:
findhdr U redirect.o:
findhdr U sc.o:
findkey t image.o:
firstFreeSpace b data.o:
firstFreeStk b data.o:
firstNewScan d scan2.o:
firstSearch d data.o:
fix_hist T fix_hist.o:
fix_hist U P.doc.o:
fixmask b history.o:
fkerr t faerr.o:
fl T pl.o:
fl U cmd.o:
flag b hp.driver.o:
floor U step.o:
flt_ D flt_.o:
flt_ U pl.o:
fmacro t macro.o:
fmod U me.o:
fo_ T fo.o:
fo_ U cmd.o:
fopen U faerr.o:
fopen U file.o:
fopen U macro.o:
fopen U tek.driver.o:
fork U faerr.o:
formats D guts.o:
forward t vi.o:
fot_ D fot_.o:
fot_ U fo.o:
fout b im.driver.o:
fout b laser.driver.o:
fout b lj.driver.o:
fparse_ T fparse.o:
fprintf U P.default.o:
fprintf U P.error.o:
fprintf U P.lex.o:
fprintf U T.routines.o:
fprintf U alloc.o:
fprintf U cm.o:
fprintf U coord.o:
fprintf U cp.o:
fprintf U default.o:
fprintf U faerr.o:
fprintf U image.o:
fprintf U jdate.o:
fprintf U laser.driver.o:
fprintf U lj.driver.o:
fprintf U lk.o:
fprintf U macro.o:
fprintf U main.o:
fprintf U map.o:
fprintf U rtst.o:
fprintf U scan2.o:
fprintf U search.o:
fprintf U show.o:
fprintf U sl.o:
fprintf U sp.o:
fprintf U tek.driver.o:
fprintf U th.o:
fprintf U uf.o:
fprintf U value.o:
fprintf U vc.o:
fprintf U vm.o:
fprintf U wc.o:
fprintf U xf.o:
fputc U faerr.o:
fputs U im.driver.o:
fputs U tek.driver.o:
free U alloc.o:
free U history.o:
free_dvector T ft.o:
freq b tschng.o:
fscanf U default.o:
fscanf U macro.o:
fscanf U sc.o:
fscanf U scan2.o:
fseek U default.o:
fseek U macro.o:
fstat U history.o:
fstat U scan2.o:
ft T ft.o:
ft U cmd.o:
ftell U default.o:
ftell U macro.o:
ftell U scan2.o:
ftruncate U T.routines.o:
ftruncate U default.o:
ftruncate U rc.o:
ftt_ D ftt_.o:
ftt_ U ft.o:
gaussCoeff d interp.o:
gauss_ t gf.o:
getStack T data.o:
getStack U lk.o:
getStack U rtst.o:
getStack U search.o:
getStack U th.o:
getStack U value.o:
getStack U xf.o:
get_ U ad.o:
get_ U gt.o:
get_ U me.o:
getcount t vi.o:
getenv U dm.o:
getenv U edit.o:
getenv U editlib.o:
getenv U history.o:
getenv U macro.o:
getenv U main.o:
getenv U rc.o:
getenv U redirect.o:
getenv U sc.o:
getenv U show.o:
getenv U sl.o:
getenv U sp.o:
getenv U th.o:
getline t vi.o:
getlogin U faerr.o:
getnext t dv.o:
getrchar t vi.o:
getsys t rc.o:
gf_ T gf.o:
gf_ U cmd.o:
gfcom_1 b gf.o:
gfilnm D macro.o:
gfilnm U dm.o:
gfilnm U main.o:
gft_ D gft_.o:
gft_ U gf.o:
gg_ D P.parse.o:
gg_ U P.yacc.o:
gg_ U ca.o:
gg_ U me.o:
gg_ U sc.o:
gm T gm.o:
gm U cmd.o:
gmacro t macro.o:
gmat d coord.o:
gmt_ D gmt_.o:
gmt_ U gm.o:
gmtime U jdate.o:
gridL D stk.global.o:
gridL U interp.o:
gridls_ t pf.o:
gsn D redirect.o:
gstak_ T data.o:
gstak_ U co.o:
gtArrValues D stk.global.o:
gtArrValues U search.o:
gtArrValues U value.o:
gt_ T gt.o:
gt_ U cmd.o:
gtt_ D gtt_.o:
gtt_ U gt.o:
half d round.o:
handhold T P.doc.o:
hasClear D show.o:
hasClear U hp.driver.o:
hasClear U im.driver.o:
hasClear U laser.driver.o:
hasClear U lj.driver.o:
hasClear U tek.driver.o:
hasCursor D show.o:
hasCursor U hp.driver.o:
hasCursor U im.driver.o:
hasCursor U laser.driver.o:
hasCursor U lj.driver.o:
hasCursor U tek.driver.o:
hatchBuf b map.o:
hatchLen b map.o:
hatchSpace b map.o:
hc T hc.o:
hc U cmd.o:
hcfile D hc.o:
hcfile U im.driver.o:
hcfile U laser.driver.o:
hcfile U lj.driver.o:
hcfile U show.o:
hcfile U tek.driver.o:
hct_ D hct_.o:
hct_ U hc.o:
hdrChar d scan2.o:
hdrLineNumber b scan2.o:
hdrPtr D scan2.o:
hdrSize D scan2.o:
hdrstrval T P.headvars.o:
hdrstrval U P.yacc.o:
hdrval T P.headvars.o:
hdrval U P.yacc.o:
headend D P.parse.o:
headend U P.headvars.o:
headvars D P.parse.o:
headvars U P.headvars.o:
hfrom b pl.o:
hhenter T P.doc.o:
hhenter U P.parse.o:
hherr D P.parse.o:
hherr U P.doc.o:
hherr U P.error.o:
hhmode D P.parse.o:
hhmode U P.doc.o:
hhmode U P.error.o:
highFreq D stk.global.o:
highFreq U search.o:
highInBuf b data.o:
highStkNum D stk.global.o:
highStkNum U search.o:
highStkNum U th.o:
hislock d history.o:
hist_cancel T history.o:
hist_check t history.o:
hist_clean t history.o:
hist_close T history.o:
hist_copy T history.o:
hist_copy U emacs.o:
hist_copy U vi.o:
hist_eof T history.o:
hist_eof U editlib.o:
hist_eof U fix_hist.o:
hist_find T history.o:
hist_find U emacs.o:
hist_find U vi.o:
hist_flush T history.o:
hist_flush U editlib.o:
hist_flush U fix_hist.o:
hist_fname D history.o:
hist_free t history.o:
hist_list T history.o:
hist_locate T history.o:
hist_locate U emacs.o:
hist_marker b history.o:
hist_match T history.o:
hist_nearend t history.o:
hist_open T history.o:
hist_open U editlib.o:
hist_position T history.o:
hist_ptr D history.o:
hist_ptr U edit.o:
hist_ptr U editlib.o:
hist_ptr U fix_hist.o:
hist_stamp d history.o:
hist_trim t history.o:
hist_version b history.o:
hist_word T history.o:
hist_word U emacs.o:
hist_word U vi.o:
history t main.o:
hoffset b history.o:
horizCoordNames D coord.global.o:
horizCoordNames U cm.o:
horizCoordNames U lk.o:
horizCoordNames U vc.o:
horizontalLabel d pl.o:
hours d me.o:
hp2623 T hp.driver.o:
hp2623 U show.o:
hp2648 T hp.driver.o:
hp2648 U show.o:
hpglplot T lj.driver.o:
hpglplot U show.o:
hto b pl.o:
htrim b history.o:
hv D redirect.o:
iIRad D stk.global.o:
iIRad U interp.o:
iMaxDis b search.o:
iRad D stk.global.o:
iRad U interp.o:
iRad U search.o:
iRadSqr D stk.global.o:
iRadSqr U interp.o:
iRadSqr U search.o:
ibit T ibit.o:
ibit U ca.o:
ibit U tp.o:
ibit_ T ibit.o:
ibit_ U P.headvars.o:
ibit_ U S.routines.o:
ibit_ U li.o:
ibit_ U pl.o:
ibit_ U rm.o:
icmd D cmd.o:
icmd U lc.o:
icmd U main.o:
ifdif_ T ifdif.o:
ifdif_ U cmbn.o:
ifdif_ U in.o:
ifdif_ U li.o:
ifdif_ U wts.o:
im T im.o:
im U cmd.o:
imageHdr D image.o:
imageHdr U cm.o:
imageHdr U cp.o:
imageHdr U im.o:
imageHdr U sl.o:
imageHdr U sp.o:
imageHdr U taut.o:
imageHdr U vc.o:
imageHdr U wc.o:
imageHdr U wf.o:
imagelinked t image.o:
imagen1 T im.driver.o:
imagen1 U show.o:
imagen2 T im.driver.o:
imagen2 U show.o:
imagen3 T im.driver.o:
imagen4 T im.driver.o:
imjim d im.driver.o:
impHead D im.driver.o:
imt_ D imt_.o:
imt_ U im.o:
inFile b sc.o:
inLine d lj.driver.o:
inName b sc.o:
in_ T in.o:
in_ U cmd.o:
indxBuf b data.o:
indxFile d data.o:
indxsn_ T indxsn.o:
indxsn_ U bc.o:
indxsn_ U cmbn.o:
indxsn_ U li.o:
int_ D int_.o:
int_ U in.o:
integ_ T in.o:
integ_ U vm.o:
interp t taut.o:
interpNames D interp.o:
interpNames U cm.o:
interpNames U vc.o:
interpNames U wc.o:
interpType D interp.o:
interpType U search.o:
interpType U value.o:
interrupt D main.global.o:
interrupt U faerr.o:
interrupt U lc.o:
interrupt U main.o:
inton_ t main.o:
io_fclose t history.o:
io_ftable D editlib.o:
io_ftable U history.o:
io_getc t history.o:
io_init t history.o:
io_mktmp t history.o:
io_readbuff t history.o:
io_renumber t history.o:
io_seek t history.o:
iocount d tek.driver.o:
ioctl U image.o:
ioctl U vi.o:
irond_ T round.o:
irond_ U cmbn.o:
irond_ U li.o:
irondd_ T round.o:
irondd_ U in.o:
is T is.o:
is U cmd.o:
isLine b search.o:
isdigit U redirect.o:
islast_ U gt.o:
isnan U image.o:
ist_ D ist_.o:
ist_ U is.o:
iteration b pf.o:
j1ox T math_fns.o:
j1ox U interp.o:
j2sToDate T jdate.o:
j2sToDate U pl.o:
j2sToUnix T jdate.o:
jbknd d me.o:
jdate T jdate.o:
lARow1End b map.o:
lARow2End b map.o:
lASize b map.o:
lType b map.o:
lVal b map.o:
labelsUC D guts.o:
labelsUC U op.o:
last d alloc.o:
lastArg d options.o:
lastHatch b map.o:
lastIndx b data.o:
lastLVal b map.o:
lastNewScan d scan2.o:
lastNum d options.o:
lastOpt d options.o:
last_cmd d vi.o:
lastline b vi.o:
lband D taut.o:
lbtrd T coord.o:
lbtrd U image.o:
lc T lc.o:
lc U cmd.o:
lct_ D lct_.o:
lct_ U lc.o:
leaf_err D P.parse.o:
leaf_err U P.default.o:
leaf_err U P.doc.o:
leaf_err U P.lex.o:
leaf_err U P.pointer.o:
leaf_err U P.value.o:
leaf_err U P.yacc.o:
lfilnm D macro.o:
lfilnm U dm.o:
li_ T li.o:
li_ U cmd.o:
line t hp.driver.o:
line t im.driver.o:
line t laser.driver.o:
line t lj.driver.o:
line t tek.driver.o:
lineBuf b map.o:
lineTypeSet d lj.driver.o:
linetype t hp.driver.o:
linetype t im.driver.o:
linetype t laser.driver.o:
linetype t lj.driver.o:
linetype t tek.driver.o:
linkArray b map.o:
lit_ D lit_.o:
lit_ U li.o:
lj1 T lj.driver.o:
lj1 U show.o:
lj2 T lj.driver.o:
lj2 U show.o:
ljfile T lj.driver.o:
ljfile U show.o:
lk T lk.o:
lk U cmd.o:
lkt_ D lkt_.o:
lkt_ U lk.o:
ll b lk.o:
localtime U image.o:
locate t taut.o:
location d emacs.o:
log U P.yacc.o:
log U grid.o:
log U guts.o:
log U scale.o:
log10 U P.yacc.o:
log10 U grid.o:
log10 U step.o:
login_sh D history.o:
longjmp U P.error.o:
longjmp U edit.o:
longjmp U lc.o:
longjmp U main.o:
lovrflow t guts.o:
lowFreq D stk.global.o:
lowFreq U search.o:
lowInBuf b data.o:
lowStkNum D stk.global.o:
lowStkNum U search.o:
lowStkNum U th.o:
lseek U T.routines.o:
lseek U data.o:
lseek U history.o:
lseek U image.o:
lseek U rc.o:
lseek U redirect.o:
lseek U scan2.o:
lwnmb b laser.driver.o:
m1filnm D macro.o:
m1filnm U dm.o:
m2filnm D macro.o:
m2filnm U dm.o:
mHdrStrt b scan2.o:
macFiles d dm.o:
macLink d macro.o:
macbuf d macro.o:
macbufe b macro.o:
mace b macro.o:
macg b macro.o:
macl b macro.o:
macro b value.o:
main T main.o:
main_ D main.global.o:
main_ U P.parse.o:
main_ U P.uservars.o:
main_ U ad.o:
main_ U af.o:
main_ U ca.o:
main_ U cm.o:
main_ U co.o:
main_ U cv.o:
main_ U data.o:
main_ U el.o:
main_ U faerr.o:
main_ U fo.o:
main_ U ft.o:
main_ U gf.o:
main_ U gt.o:
main_ U guts.o:
main_ U im.driver.o:
main_ U in.o:
main_ U is.o:
main_ U laser.driver.o:
main_ U li.o:
main_ U lj.driver.o:
main_ U macro.o:
main_ U main.o:
main_ U op.o:
main_ U pf.o:
main_ U pl.o:
main_ U pltoch.o:
main_ U rc.o:
main_ U rs.o:
main_ U rtst.o:
main_ U sc.o:
main_ U sq.o:
main_ U tek.driver.o:
main_ U tschng.o:
main_ U uf.o:
main_ U wu.o:
makemode t hp.driver.o:
malloc U P.yacc.o:
malloc U alloc.o:
malloc U emacs.o:
malloc U history.o:
malloc U vi.o:
matinv_ t gf.o:
matmult t coord.o:
matprint t coord.o:
maxDis b search.o:
maxHatch b map.o:
maxRcX D coord.global.o:
maxRcX U coord.o:
maxScans b scan2.o:
maxSqrDis b search.o:
maxsn b scan2.o:
mcursor t guts.o:
me T me.o:
me U cmd.o:
memChunk b alloc.o:
memcpy U P.yacc.o:
memcpy U ad.o:
memcpy U co.o:
memcpy U coord.o:
memcpy U cp.o:
memcpy U cv.o:
memcpy U fo.o:
memcpy U gf.o:
memcpy U gt.o:
memcpy U image.o:
memcpy U is.o:
memcpy U main.o:
memcpy U me.o:
memcpy U rtst.o:
memcpy U scan2.o:
memcpy U show.o:
memcpy U sq.o:
memmove U T.routines.o:
memmove U area.o:
memmove U cmbn.o:
memmove U combedit.o:
memmove U data.o:
memmove U us.o:
memset U P.uservars.o:
memset U T.routines.o:
memset U bc.o:
memset U cmbn.o:
memset U coord.o:
memset U cv.o:
memset U data.o:
memset U fo.o:
memset U gf.o:
memset U guts.o:
memset U image.o:
memset U lj.driver.o:
memset U map.o:
memset U rtst.o:
memset U scan2.o:
memset U search.o:
memset U sp.o:
memset U sq.o:
memset U th.o:
memset U vm.o:
met_ D met_.o:
met_ U me.o:
midLVal b map.o:
minLabX b show.o:
minLabY b show.o:
minRcX D coord.global.o:
minRcX U coord.o:
minutes d me.o:
mktemp U history.o:
mktemp U redirect.o:
mktemp U show.o:
mktime U jdate.o:
mmac2 b macro.o:
move t hp.driver.o:
move t im.driver.o:
move t laser.driver.o:
move t lj.driver.o:
move t tek.driver.o:
mrkful_ T data.o:
mrkful_ U af.o:
mrkful_ U cmbn.o:
mt1 D P.parse.o:
mt1 U P.default.o:
mt1 U P.doc.o:
mt1 U P.lex.o:
mt1 U P.pointer.o:
mt1 U P.value.o:
mt1 U P.yacc.o:
mt2 D P.parse.o:
mt2 U P.default.o:
mt2 U P.doc.o:
mt2 U P.pointer.o:
mvcursor t vi.o:
n1 d pl.o:
narg d options.o:
ncmds b main.o:
needsStroke d laser.driver.o:
needsmove d tek.driver.o:
next T P.pointer.o:
next U P.lex.o:
nextInBuffer b search.o:
nf T nf.o:
nf U cmd.o:
nferr T P.error.o:
nferr U P.doc.o:
nferr U P.headvars.o:
nferr U P.lex.o:
nferr U P.value.o:
nferr U P.yacc.o:
nft_ D nft_.o:
nft_ U nf.o:
nnode D P.parse.o:
nnode U P.doc.o:
nnode U P.lex.o:
noShow D show.o:
noShow U op.o:
noclean b history.o:
noint_ T main.o:
noint_ U data.o:
noint_ U default.o:
noint_ U el.o:
noint_ U file.o:
noint_ U image.o:
noint_ U macro.o:
noint_ U rc.o:
noint_ U rtst.o:
noint_ U scan2.o:
noint_ U search.o:
noint_ U value.o:
noint_ U xf.o:
nonewline b vi.o:
notOpen D stk.global.o:
notOpen U dm.o:
notOpen U errors.o:
notOpen U macro.o:
notOpen U me.o:
notOpen U rtst.o:
notOpen U search.o:
ns T rtst.o:
ns U cmd.o:
nst_ D nst_.o:
nst_ U rtst.o:
nttyparm b edit.o:
numArgs b options.o:
numArrayType b scan2.o:
numChansType b scan2.o:
numCols b search.o:
numForms D guts.o:
numInBuf b map.o:
numOpen d file.o:
numRows b search.o:
numcmds T cmd.o:
numcmds U lc.o:
numcmds U main.o:
nxtscn_ U ad.o:
nxtscn_ U gt.o:
nxtscn_ U me.o:
oPic D guts.o:
on b im.driver.o:
one d coord.o:
oneBox d show.o:
onintr t main.o:
op T op.o:
op U cmd.o:
open U file.o:
open U history.o:
open U image.o:
open U main.o:
openFile b file.o:
opend_ U ad.o:
opend_ U gt.o:
opend_ U me.o:
openglobal t rc.o:
openlocal t rc.o:
opt d options.o:
optArg D options.o:
optArg U graph.o:
optArg U grid.o:
optArg U map.o:
optArg U scale.o:
optArgs b options.o:
opt_ D opt_.o:
opt_ U op.o:
opt_flag D editlib.o:
opt_flag U edit.o:
opt_flag U emacs.o:
opt_flag U vi.o:
options b options.o:
orientation D laser.driver.o:
orientation U hc.o:
outFile d redirect.o:
outName b redirect.o:
outfile d editlib.o:
output d editlib.o:
ovrOn b guts.o:
ovrflow t guts.o:
p T p.o:
p U cmd.o:
p_char T editlib.o:
p_char U history.o:
p_flush T editlib.o:
p_flush U edit.o:
p_flush U emacs.o:
p_flush U history.o:
p_setout T editlib.o:
p_setout U edit.o:
p_setout U fix_hist.o:
p_setout U history.o:
p_str T editlib.o:
p_str U fix_hist.o:
p_str U history.o:
pa T pa.o:
pa U cmd.o:
parab_ t pf.o:
param T P.pointer.o:
param U P.lex.o:
param U P.parse.o:
paren_chars d vi.o:
parent_err D P.parse.o:
parent_err U P.lex.o:
parent_err U P.pointer.o:
parse_ T P.parse.o:
parse_ U ad.o:
parse_ U af.o:
parse_ U bc.o:
parse_ U ca.o:
parse_ U cc.o:
parse_ U cm.o:
parse_ U co.o:
parse_ U cp.o:
parse_ U cr.o:
parse_ U cv.o:
parse_ U da.o:
parse_ U dm.o:
parse_ U do.o:
parse_ U dv.o:
parse_ U el.o:
parse_ U ex.o:
parse_ U fo.o:
parse_ U fparse.o:
parse_ U ft.o:
parse_ U gf.o:
parse_ U gm.o:
parse_ U gt.o:
parse_ U hc.o:
parse_ U im.o:
parse_ U in.o:
parse_ U is.o:
parse_ U lc.o:
parse_ U li.o:
parse_ U lk.o:
parse_ U me.o:
parse_ U nf.o:
parse_ U op.o:
parse_ U p.o:
parse_ U pa.o:
parse_ U pf.o:
parse_ U pl.o:
parse_ U pr.o:
parse_ U quit.o:
parse_ U rc.o:
parse_ U redirect.o:
parse_ U rm.o:
parse_ U rs.o:
parse_ U rtst.o:
parse_ U sc.o:
parse_ U sl.o:
parse_ U sp.o:
parse_ U sq.o:
parse_ U th.o:
parse_ U tp.o:
parse_ U uf.o:
parse_ U us.o:
parse_ U v.o:
parse_ U vc.o:
parse_ U vm.o:
parse_ U wc.o:
parse_ U wf.o:
parse_ U wr.o:
parse_ U wu.o:
parse_ U xf.o:
pat_ D pat_.o:
pat_ U pa.o:
path t im.driver.o:
pbuf D P.parse.o:
pbuf U P.default.o:
pbuf U P.doc.o:
pbuf U P.lex.o:
pbuf U P.pointer.o:
pbuf U P.value.o:
pbuf U P.yacc.o:
pchildren T P.doc.o:
pclose U redirect.o:
pd_ U cmd.o:
pdata t pl.o:
perror U T.routines.o:
perror U image.o:
perror U taut.o:
perror U uf.o:
pf_ T pf.o:
pf_ U cmd.o:
pfcom_1 b pf.o:
pft_ D pft_.o:
pft_ U pf.o:
ph T p.o:
ph U cmd.o:
phase b im.driver.o:
pht_ D pht_.o:
pht_ U p.o:
pipe U uf.o:
pipefd d redirect.o:
pkwts_ T wts.o:
pkwts_ U cmbn.o:
pkwts_ U fo.o:
pkwts_ U ft.o:
pkwts_ U sq.o:
pl T pl.o:
pl U cmd.o:
plchns_ T pl.o:
plchns_ U ft.o:
plchns_ U li.o:
plotting D guts.o:
plotting U hp.driver.o:
plotting U im.driver.o:
plotting U laser.driver.o:
plotting U lj.driver.o:
plotting U show.o:
plotting U tek.driver.o:
plt_ D plt_.o:
plt_ U pl.o:
pltchr_ T pltoch.o:
pltchr_ U in.o:
pltchr_ U th.o:
pltchr_ U vm.o:
pltoch_ T pltoch.o:
pltoch_ U bc.o:
pltoch_ U el.o:
pltoch_ U gf.o:
pltoch_ U pf.o:
pltoch_ U pl.o:
pltoch_ U us.o:
pluse t pl.o:
pmat b coord.o:
popen U redirect.o:
post1 T laser.driver.o:
post1 U show.o:
post2 T laser.driver.o:
post2 U show.o:
post3 T laser.driver.o:
post3 U show.o:
post4 T laser.driver.o:
post4 U show.o:
postfile T laser.driver.o:
postfile U show.o:
pow U P.yacc.o:
pow U grid.o:
pow U step.o:
pow U taut.o:
ppCarousel D show.o:
ppState D show.o:
pr T pr.o:
pr U cmd.o:
pr_prompt T editlib.o:
pr_prompt t vi.o:
pr_string t vi.o:
precess T coord.o:
precess U wu.o:
prevRow b map.o:
printer b lj.driver.o:
printf U P.doc.o:
printf U P.parse.o:
printf U P.uservars.o:
printf U ad.o:
printf U af.o:
printf U bc.o:
printf U cm.o:
printf U cmbn.o:
printf U cp.o:
printf U cr.o:
printf U da.o:
printf U data.o:
printf U file.o:
printf U ft.o:
printf U gf.o:
printf U gt.o:
printf U history.o:
printf U hp.driver.o:
printf U im.o:
printf U image.o:
printf U in.o:
printf U interp.o:
printf U laser.driver.o:
printf U lj.driver.o:
printf U lk.o:
printf U main.o:
printf U me.o:
printf U nf.o:
printf U p.o:
printf U pf.o:
printf U rc.o:
printf U rm.o:
printf U rtst.o:
printf U scan2.o:
printf U search.o:
printf U sl.o:
printf U sp.o:
printf U taut.o:
printf U tek.driver.o:
printf U th.o:
printf U tp.o:
printf U uf.o:
printf U v.o:
printf U vc.o:
printf U vm.o:
printf U wc.o:
printf U wf.o:
printf U wr.o:
printsys t rc.o:
prnnt_ D prnnt_.o:
prnnt_ U p.o:
prnode T P.doc.o:
prnode U P.default.o:
prnode U P.error.o:
procedure b S.routines.o:
projNames D coord.global.o:
projNames U cm.o:
projNames U vc.o:
projNames U wc.o:
prsysfile t rc.o:
prsyshead t rc.o:
prt_ D prt_.o:
prt_ U pr.o:
prval T P.doc.o:
ptext t guts.o:
putenv U jdate.o:
putenv U main.o:
puts U rc.o:
putstring t emacs.o:
putstring t vi.o:
putwImp T im.driver.o:
qCut D stk.global.o:
qCut U interp.o:
quit T quit.o:
quit U cmd.o:
quitt_ D quitt_.o:
quitt_ U quit.o:
r2temp T taut.o:
r2temp U image.o:
ra b tschng.o:
rc T rc.o:
rc U cmd.o:
rcsys D coord.global.o:
rcsys U cm.o:
rcsys U lk.o:
rcsys U rc.o:
rcsys U vc.o:
rcsys U wc.o:
rct_ D rct_.o:
rct_ U rc.o:
rdmac T macro.o:
rdmac U dm.o:
rdmac U main.o:
rdmac U rtst.o:
rdmacfile t macro.o:
rdtlb T coord.o:
rdtlb U image.o:
rdtty t main.o:
read U T.routines.o:
read U data.o:
read U edit.o:
read U emacs.o:
read U history.o:
read U image.o:
read U main.o:
read U rc.o:
read U redirect.o:
read U scan2.o:
read U uf.o:
read U vi.o:
read_ U ad.o:
read_ U gt.o:
read_ U me.o:
readhdr t image.o:
realloc U P.yacc.o:
realloc U alloc.o:
record b S.routines.o:
refresh t vi.o:
removesys t rc.o:
rename U sl.o:
repeat_set b vi.o:
replace t combedit.o:
replace t vi.o:
replacesys t rc.o:
restore_v t vi.o:
rewind U default.o:
rewind U scan2.o:
rin T redirect.o:
rin U cmd.o:
rint_ D rint_.o:
rint_ U redirect.o:
rm_ T rm.o:
rm_ U cmd.o:
rmt_ D rmt_.o:
rmt_ U rm.o:
rnge_err D P.parse.o:
rnge_err U P.doc.o:
rnge_err U P.value.o:
rnge_err U P.yacc.o:
root D P.parse.o:
root U P.doc.o:
root U P.lex.o:
root U P.pointer.o:
rootstack D P.parse.o:
rootstack U P.doc.o:
rootstack U P.lex.o:
rot1 t coord.o:
rotate T coord.o:
rotate U wu.o:
rotmat T coord.o:
rotmat U wu.o:
round T round.o:
round U P.value.o:
round U P.yacc.o:
round U cp.o:
round U fo.o:
round U image.o:
round U jdate.o:
round U pl.o:
round U pltoch.o:
round U rtst.o:
round U search.o:
round U sl.o:
round U sq.o:
round U th.o:
round U vc.o:
round U vm.o:
round U wc.o:
rout T redirect.o:
rout U cmd.o:
routt_ D routt_.o:
routt_ U redirect.o:
rovrflow t guts.o:
rrotate t coord.o:
rs_ T rs.o:
rs_ U cmd.o:
rst_ D rst_.o:
rst_ U rs.o:
rstkpnt D P.parse.o:
rstkpnt U P.doc.o:
rstkpnt U P.lex.o:
rt T rtst.o:
rt U cmd.o:
rtol d step.o:
rtran_ T tran.o:
rtran_ U cmbn.o:
rtran_ U gf.o:
rtran_ U in.o:
rtran_ U pf.o:
rtran_ U pl.o:
rtt_ D rtt_.o:
rtt_ U rtst.o:
saveOut d redirect.o:
save_last t vi.o:
save_v t vi.o:
savefd d edit.o:
savetout b tek.driver.o:
savetty b edit.o:
sband D taut.o:
sband U image.o:
sc T sc.o:
sc U cmd.o:
scan2_getd T scan2.o:
scan2_geti T scan2.o:
scan2_geti U gt.o:
scan2_gets T scan2.o:
scan2_gets U gt.o:
scan2_putd T scan2.o:
scan2_puti T scan2.o:
scan2_puts T scan2.o:
scanBufSize D scan2.o:
scanSizeGiven b scan2.o:
scanStr U pl.o:
scan_ U P.parse.o:
scan_ U ad.o:
scan_ U bc.o:
scan_ U gt.o:
scan_ U main.o:
scan_ U me.o:
scan_ U nf.o:
scan_ U pl.o:
scanf U hp.driver.o:
scanf U show.o:
scanf U tek.driver.o:
sci D scan2.o:
sci U bc.o:
sci U gt.o:
scnlmt_ U ad.o:
scnlmt_ U gt.o:
scnlmt_ U me.o:
screen b emacs.o:
sct_ D sct_.o:
sct_ U sc.o:
search T P.pointer.o:
search U P.lex.o:
search t emacs.o:
search t vi.o:
searchFile d search.o:
searched b S.routines.o:
seccon d coord.o:
seq D P.parse.o:
seq U P.doc.o:
set_edit T editlib.o:
setcursor t emacs.o:
sethdr t image.o:
setjmp U P.doc.o:
setjmp U emacs.o:
setjmp U lc.o:
setjmp U main.o:
setjmp U vi.o:
setltype t guts.o:
setterm t hp.driver.o:
setttype t guts.o:
setup T P.default.o:
setup U P.parse.o:
setup t hp.driver.o:
setup t im.driver.o:
setup t laser.driver.o:
setup t lj.driver.o:
setup t tek.driver.o:
setvalues t im.driver.o:
setvalues t laser.driver.o:
setvalues t lj.driver.o:
setvalues t tek.driver.o:
setwindow t guts.o:
sg_ D P.parse.o:
sg_ U P.yacc.o:
sg_ U p.o:
sg_ U pr.o:
sg_ U redirect.o:
sg_ U sc.o:
shift_ T cmbn.o:
shift_ U ad.o:
show_info t emacs.o:
signal U faerr.o:
signal U main.o:
signal U uf.o:
simCombined b search.o:
simDropped b search.o:
simInit b search.o:
simPrint b search.o:
simVerbose b search.o:
sin U P.yacc.o:
sin U coord.o:
sin U cp.o:
sin U ft.o:
sin U grid.o:
sin U guts.o:
sin U interp.o:
sin U math_fns.o:
sin U search.o:
sizeTab d scan2.o:
sl T sl.o:
sl U cmd.o:
slName d sl.o:
sleep U pa.o:
sleep U show.o:
slt_ D slt_.o:
slt_ U sl.o:
sp T sp.o:
sp U cmd.o:
spName b sp.o:
space b search.o:
spaceLoc b search.o:
sphererad d coord.o:
spor D P.parse.o:
spor U P.lex.o:
spor U P.yacc.o:
sprintf U P.doc.o:
sprintf U P.parse.o:
sprintf U P.value.o:
sprintf U P.yacc.o:
sprintf U cm.o:
sprintf U cp.o:
sprintf U data.o:
sprintf U default.o:
sprintf U dm.o:
sprintf U errors.o:
sprintf U faerr.o:
sprintf U file.o:
sprintf U fix_hist.o:
sprintf U guts.o:
sprintf U im.driver.o:
sprintf U im.o:
sprintf U image.o:
sprintf U interp.o:
sprintf U jdate.o:
sprintf U laser.driver.o:
sprintf U lc.o:
sprintf U lj.driver.o:
sprintf U lk.o:
sprintf U macro.o:
sprintf U main.o:
sprintf U pl.o:
sprintf U rc.o:
sprintf U redirect.o:
sprintf U rtst.o:
sprintf U sc.o:
sprintf U scan2.o:
sprintf U search.o:
sprintf U show.o:
sprintf U sl.o:
sprintf U sp.o:
sprintf U step.o:
sprintf U tek.driver.o:
sprintf U th.o:
sprintf U uf.o:
sprintf U vc.o:
sprintf U wc.o:
sprintf U wu.o:
spt_ D spt_.o:
spt_ U sp.o:
sq_ T sq.o:
sq_ U cmd.o:
sqrt U area.o:
sqrt U cmbn.o:
sqrt U coord.o:
sqrt U ft.o:
sqrt U gf.o:
sqrt U guts.o:
sqrt U im.driver.o:
sqrt U image.o:
sqrt U in.o:
sqrt U interp.o:
sqrt U li.o:
sqrt U lk.o:
sqrt U map.o:
sqrt U math_fns.o:
sqrt U pf.o:
sqrt U rm.o:
sqrt U rtst.o:
sqrt U sl.o:
sqrt U sq.o:
sqrt U tp.o:
sqrt U vc.o:
sqrt U vm.o:
sqt_ D sqt_.o:
sqt_ U sq.o:
sscanf U dv.o:
sscanf U guts.o:
sscanf U hp.driver.o:
sscanf U image.o:
sscanf U me.o:
sscanf U sc.o:
sscanf U scan2.o:
sscanf U sl.o:
st T rtst.o:
st U cmd.o:
st_num T P.value.o:
st_num U P.yacc.o:
st_scan T P.value.o:
st_scan U P.yacc.o:
st_str T P.value.o:
st_str U P.yacc.o:
startqms d tek.driver.o:
sterr D P.parse.o:
sterr U P.doc.o:
sterr U P.error.o:
sterr U P.lex.o:
stfull_ T data.o:
stfull_ U bc.o:
stfull_ U cmbn.o:
stkArray b search.o:
stkDefReadOnly D stk.global.o:
stkDefReadOnly U default.o:
stkInArray b search.o:
stkList d data.o:
stkListFirst d data.o:
stkListLast d data.o:
stkListNext b data.o:
stkReadOnly D stk.global.o:
stkReadOnly U data.o:
stkReadOnly U rtst.o:
stkReadOnly U search.o:
stkValFlag D stk.global.o:
stkValFlag U v.o:
stkValFlag U value.o:
stkValue D stk.global.o:
stkValue U v.o:
stkValue U value.o:
stk_ D stk.global.o:
stk_ U P.parse.o:
stk_ U ad.o:
stk_ U af.o:
stk_ U bc.o:
stk_ U ca.o:
stk_ U cc.o:
stk_ U cmbn.o:
stk_ U co.o:
stk_ U cv.o:
stk_ U data.o:
stk_ U el.o:
stk_ U fo.o:
stk_ U ft.o:
stk_ U gf.o:
stk_ U gt.o:
stk_ U in.o:
stk_ U interp.o:
stk_ U is.o:
stk_ U li.o:
stk_ U lk.o:
stk_ U me.o:
stk_ U pf.o:
stk_ U pl.o:
stk_ U pltoch.o:
stk_ U rc.o:
stk_ U rm.o:
stk_ U rs.o:
stk_ U rtst.o:
stk_ U sc.o:
stk_ U scanlistsame.o:
stk_ U search.o:
stk_ U sq.o:
stk_ U th.o:
stk_ U tp.o:
stk_ U tran.o:
stk_ U tschng.o:
stk_ U uf.o:
stk_ U us.o:
stk_ U value.o:
stk_ U vc.o:
stk_ U vm.o:
stk_ U wc.o:
stk_ U wf.o:
stk_ U wts.o:
stk_ U xf.o:
stkcount b rtst.o:
storeBuf b map.o:
str D P.parse.o:
str U P.doc.o:
str U P.error.o:
str U P.lex.o:
str U P.value.o:
str U P.yacc.o:
strValue D scan2.o:
strValueLoc D scan2.o:
strValueSize D scan2.o:
strbuf D P.parse.o:
strbuf U P.lex.o:
strcat U P.doc.o:
strcat U file.o:
strcat U lk.o:
strcat U rc.o:
strcat U sl.o:
strcat U wu.o:
strchr U P.doc.o:
strchr U P.lex.o:
strchr U P.yacc.o:
strchr U cm.o:
strchr U combedit.o:
strchr U default.o:
strchr U image.o:
strchr U sl.o:
strchr U step.o:
strchr U vc.o:
strchr U vi.o:
strchr U wu.o:
strcmp U P.headvars.o:
strcmp U P.pointer.o:
strcmp U P.uservars.o:
strcmp U ca.o:
strcmp U cp.o:
strcmp U default.o:
strcmp U editlib.o:
strcmp U gt.o:
strcmp U guts.o:
strcmp U history.o:
strcmp U hp.driver.o:
strcmp U im.driver.o:
strcmp U im.o:
strcmp U image.o:
strcmp U laser.driver.o:
strcmp U lj.driver.o:
strcmp U main.o:
strcmp U rc.o:
strcmp U redirect.o:
strcmp U rtst.o:
strcmp U sc.o:
strcmp U scan2.o:
strcmp U show.o:
strcmp U taut.o:
strcmp U tek.driver.o:
strcmp U value.o:
strcpy U P.doc.o:
strcpy U P.lex.o:
strcpy U P.uservars.o:
strcpy U P.value.o:
strcpy U P.yacc.o:
strcpy U cm.o:
strcpy U combedit.o:
strcpy U dm.o:
strcpy U do.o:
strcpy U edit.o:
strcpy U emacs.o:
strcpy U gm.o:
strcpy U gt.o:
strcpy U guts.o:
strcpy U hc.o:
strcpy U history.o:
strcpy U hp.driver.o:
strcpy U im.driver.o:
strcpy U im.o:
strcpy U image.o:
strcpy U laser.driver.o:
strcpy U lj.driver.o:
strcpy U lk.o:
strcpy U macro.o:
strcpy U main.o:
strcpy U me.o:
strcpy U nf.o:
strcpy U op.o:
strcpy U p.o:
strcpy U pl.o:
strcpy U pr.o:
strcpy U rc.o:
strcpy U redirect.o:
strcpy U rtst.o:
strcpy U sc.o:
strcpy U show.o:
strcpy U sl.o:
strcpy U sp.o:
strcpy U tek.driver.o:
strcpy U th.o:
strcpy U uf.o:
strcpy U value.o:
strcpy U vc.o:
strcpy U vi.o:
strcpy U wc.o:
strcpy U wf.o:
strcpy U wu.o:
strlen U P.uservars.o:
strlen U P.value.o:
strlen U P.yacc.o:
strlen U combedit.o:
strlen U default.o:
strlen U emacs.o:
strlen U guts.o:
strlen U history.o:
strlen U im.driver.o:
strlen U image.o:
strlen U jdate.o:
strlen U laser.driver.o:
strlen U macro.o:
strlen U main.o:
strlen U nf.o:
strlen U p.o:
strlen U pr.o:
strlen U sc.o:
strlen U scan2.o:
strlen U show.o:
strlen U step.o:
strlen U tek.driver.o:
strlen U vi.o:
strncmp U P.yacc.o:
strncmp U cm.o:
strncmp U combedit.o:
strncmp U image.o:
strncmp U scan2.o:
strncmp U show.o:
strncmp U taut.o:
strncpy U P.error.o:
strncpy U P.headvars.o:
strncpy U emacs.o:
strncpy U image.o:
strncpy U jdate.o:
strncpy U macro.o:
strncpy U main.o:
strncpy U me.o:
strncpy U scan2.o:
strncpy U show.o:
strncpy U vi.o:
strpos D P.parse.o:
strpos U P.lex.o:
strpos U P.yacc.o:
strrchr U cm.o:
strrchr U editlib.o:
strrchr U lk.o:
strrchr U uf.o:
strrchr U vc.o:
strrchr U wc.o:
strsignal U faerr.o:
stt_ D stt_.o:
stt_ U rtst.o:
stuse_ t us.o:
subscanReq U ad.o:
subscanReq U gt.o:
svcmdsig d tschng.o:
swab_ T swab.o:
sync_cursor t vi.o:
syscall U editlib.o:
syscall U history.o:
system U dm.o:
system U eshell.o:
system U main.o:
t4112clear t tek.driver.o:
t4112num t tek.driver.o:
t4112text t tek.driver.o:
tType d tek.driver.o:
tag T P.default.o:
tag U P.yacc.o:
tagex T P.default.o:
tagex U P.doc.o:
tagex U P.pointer.o:
taum T taut.o:
taum U image.o:
taupow D image.o:
taupow U im.o:
taut T taut.o:
taut U image.o:
tcgetattr U edit.o:
tcsetattr U edit.o:
tek4112 T tek.driver.o:
tek4112 U show.o:
tekfile T tek.driver.o:
tekfile U show.o:
tekplot T tek.driver.o:
tekplot U show.o:
tempfact D taut.o:
tempfact U image.o:
template d history.o:
tenth d cmbn.o:
termType D guts.o:
termType U hp.driver.o:
termType U im.driver.o:
termType U laser.driver.o:
termType U lj.driver.o:
termType U show.o:
termType U tek.driver.o:
terminal b emacs.o:
text t hp.driver.o:
text t im.driver.o:
text t laser.driver.o:
text t lj.driver.o:
text t tek.driver.o:
textmod t vi.o:
texttype t hp.driver.o:
texttype t im.driver.o:
texttype t laser.driver.o:
texttype t lj.driver.o:
th T th.o:
th U cmd.o:
thName b th.o:
tht_ D tht_.o:
tht_ U th.o:
time U faerr.o:
time U history.o:
time U image.o:
time U wu.o:
tin b tek.driver.o:
tolower U main.o:
tolower U vi.o:
toupper U guts.o:
toupper U image.o:
toupper U vi.o:
tout b tek.driver.o:
tovrflow t guts.o:
tp T tp.o:
tp U cmd.o:
tpt_ D tpt_.o:
tpt_ U tp.o:
tran_ T tran.o:
tran_ U cc.o:
tran_ U cmbn.o:
tran_ U gf.o:
tran_ U in.o:
tran_ U li.o:
tran_ U pf.o:
tran_ U pl.o:
tran_ U pltoch.o:
tran_ U search.o:
tran_ U sq.o:
tran_ U vc.o:
tran_ U vm.o:
tran_ U wc.o:
tree D P.parse.o:
tree U P.default.o:
tree U P.doc.o:
tree U P.lex.o:
tree U P.pointer.o:
tschng_ T tschng.o:
tschng_ U gt.o:
tty5620 T tek.driver.o:
tty5620 U show.o:
tty_alt T edit.o:
tty_alt U vi.o:
tty_check T edit.o:
tty_cooked T edit.o:
tty_cooked U emacs.o:
tty_cooked U main.o:
tty_cooked U vi.o:
tty_get T edit.o:
tty_raw T edit.o:
tty_raw U emacs.o:
tty_raw U vi.o:
tty_set T edit.o:
tty_set U editlib.o:
ttyparm b edit.o:
typcmp_ t gt.o:
typeTrans D me.o:
typeahead b vi.o:
typename d P.uservars.o:
uf T uf.o:
uf U cmd.o:
uft_ D uft_.o:
uft_ U uf.o:
unitNames D coord.global.o:
unitNames U cm.o:
unitNames U cp.o:
unitNames U lk.o:
unitNames U vc.o:
unixToJ2S T jdate.o:
unlink U faerr.o:
unlink U hc.o:
unlink U history.o:
unlink U image.o:
unlink U laser.driver.o:
unlink U redirect.o:
unlink U rtst.o:
unspt D P.parse.o:
unspt U P.doc.o:
unspt U P.error.o:
unspt U P.lex.o:
unspt U P.value.o:
unspt U P.yacc.o:
unstk D P.parse.o:
unstk U P.doc.o:
unstk U P.error.o:
unstk U P.lex.o:
up T rtst.o:
up U cmd.o:
upt_ D upt_.o:
upt_ U rtst.o:
ur b lk.o:
us_ T us.o:
us_ U cmd.o:
use_ D stk.global.o:
use_ U P.parse.o:
use_ U ad.o:
use_ U ca.o:
use_ U cmbn.o:
use_ U co.o:
use_ U gt.o:
use_ U is.o:
use_ U li.o:
use_ U pl.o:
use_ U rm.o:
use_ U rtst.o:
use_ U tp.o:
use_ U us.o:
ust_ D ust_.o:
ust_ U us.o:
uv b P.uservars.o:
v T v.o:
v U cmd.o:
valArray d value.o:
valArrayHow b value.o:
valArrayLen d value.o:
valDes D scan2.o:
valDesSize D scan2.o:
valDragon d value.o:
vaxdouble T fromvax.o:
vaxdouble U data.o:
vaxfloat T fromvax.o:
vaxfloat U data.o:
vaxlong T fromvax.o:
vaxlong U data.o:
vaxshort T fromvax.o:
vaxshort U data.o:
vc T vc.o:
vc U cmd.o:
vct_ D vct_.o:
vct_ U vc.o:
vertCoordNames D coord.global.o:
vertCoordNames U cm.o:
vertCoordNames U lk.o:
vertCoordNames U vc.o:
vfork U uf.o:
vfprintf U default.o:
vfrom b pl.o:
vi_read T vi.o:
vi_read U editlib.o:
vm T vm.o:
vm U cmd.o:
vmt_ D vmt_.o:
vmt_ U vm.o:
vprintf U pr.o:
vsprintf U main.o:
vsprintf U pr.o:
vt100 T tek.driver.o:
vt100 U show.o:
vt_ D vt_.o:
vt_ U v.o:
vto b pl.o:
wait U faerr.o:
wait U uf.o:
wait_ T main.o:
wait_ U cp.o:
wait_ U gt.o:
wait_ U pa.o:
wait_ U rtst.o:
warn T main.o:
warn U P.uservars.o:
warn U da.o:
warn U hc.o:
warn U image.o:
warn U map.o:
warn U rtst.o:
warn U sc.o:
warn U sl.o:
warn U value.o:
warn U vc.o:
warn U vm.o:
warn_ T main.o:
warn_ U bc.o:
warn_ U ca.o:
warn_ U cm.o:
warn_ U cmbn.o:
warn_ U data.o:
warn_ U default.o:
warn_ U errors.o:
warn_ U file.o:
warn_ U in.o:
warn_ U li.o:
warn_ U pltoch.o:
warn_ U rc.o:
warn_ U rtst.o:
warn_ U th.o:
wasopen b history.o:
wc T wc.o:
wc U cmd.o:
wct_ D wct_.o:
wct_ U wc.o:
wexpt_ D wexpt_.o:
wexpt_ U do.o:
wf T wf.o:
wf U cmd.o:
wft_ D wft_.o:
wft_ U wf.o:
wr_ T wr.o:
wr_ U cmd.o:
write U T.routines.o:
write U data.o:
write U edit.o:
write U editlib.o:
write U history.o:
write U image.o:
write U main.o:
write U rc.o:
write U scan2.o:
write U uf.o:
writesys t rc.o:
wrt_ D wrt_.o:
wrt_ U wr.o:
wt_ T wts.o:
wt_ U cmbn.o:
wt_ U fo.o:
wt_ U ft.o:
wt_ U gf.o:
wt_ U pl.o:
wt_ U sq.o:
wu T wu.o:
wu U cmd.o:
wuName b wu.o:
wuft_ D wuft_.o:
wuft_ U wu.o:
wut_ D wut_.o:
wut_ U wu.o:
xBoxes D show.o:
xBoxes U cm.o:
xBoxes U cp.o:
xBoxes U guts.o:
xBoxes U vc.o:
xRes D guts.o:
xRes U hp.driver.o:
xRes U im.driver.o:
xRes U laser.driver.o:
xRes U lj.driver.o:
xRes U show.o:
xRes U tek.driver.o:
xSize D guts.o:
xSize U hp.driver.o:
xSize U im.driver.o:
xSize U laser.driver.o:
xSize U lj.driver.o:
xSize U show.o:
xSize U tek.driver.o:
xSpcScale b search.o:
xSquish D show.o:
xSquish U gm.o:
xc D P.parse.o:
xc U P.yacc.o:
xc U cr.o:
xcommands t emacs.o:
xf T xf.o:
xf U cmd.o:
xft_ D xft_.o:
xft_ U xf.o:
xterm T tek.driver.o:
xterm U show.o:
xy t hp.driver.o:
xy t tek.driver.o:
xyvalid d im.driver.o:
xyvalid d laser.driver.o:
xyvalid d lj.driver.o:
xyvalid d tek.driver.o:
y1sv b coord.o:
y2sv b coord.o:
yBoxes D show.o:
yBoxes U cm.o:
yBoxes U cp.o:
yBoxes U guts.o:
yBoxes U vc.o:
yRes D guts.o:
yRes U hp.driver.o:
yRes U im.driver.o:
yRes U laser.driver.o:
yRes U lj.driver.o:
yRes U show.o:
yRes U tek.driver.o:
ySize D guts.o:
ySize U hp.driver.o:
ySize U im.driver.o:
ySize U laser.driver.o:
ySize U lj.driver.o:
ySize U show.o:
ySize U tek.driver.o:
ySpcScale b search.o:
ySquish D show.o:
ySquish U gm.o:
yc D P.parse.o:
yc U P.yacc.o:
yc U cr.o:
yesint_ T main.o:
yesint_ U data.o:
yesint_ U default.o:
yesint_ U el.o:
yesint_ U file.o:
yesint_ U image.o:
yesint_ U macro.o:
yesint_ U rc.o:
yesint_ U rtst.o:
yesint_ U scan2.o:
yesint_ U search.o:
yesint_ U value.o:
yesint_ U xf.o:
yy_yys D P.yacc.o:
yy_yyv D P.yacc.o:
yyact d P.yacc.o:
yyback T P.lex.o:
yybgin D P.lex.o:
yychar D P.yacc.o:
yychk d P.yacc.o:
yycrank D P.lex.o:
yydebug D P.yacc.o:
yydef d P.yacc.o:
yyerrflag D P.yacc.o:
yyerror T P.error.o:
yyerror U P.yacc.o:
yyestate D P.lex.o:
yyexca d P.yacc.o:
yyextra D P.lex.o:
yyfnd D P.lex.o:
yyin D P.lex.o:
yyinput T P.lex.o:
yyleng D P.lex.o:
yyleng U P.value.o:
yyleng U P.yacc.o:
yylex T P.lex.o:
yylex U P.yacc.o:
yylineno D P.lex.o:
yylook T P.lex.o:
yylsp D P.lex.o:
yylstate D P.lex.o:
yylval D P.yacc.o:
yylval U P.lex.o:
yymatch D P.lex.o:
yymaxdepth d P.yacc.o:
yymorfg D P.lex.o:
yynerrs D P.yacc.o:
yyolsp D P.lex.o:
yyout D P.lex.o:
yyoutput T P.lex.o:
yypact d P.yacc.o:
yyparse T P.yacc.o:
yyparse U P.doc.o:
yyparse U P.parse.o:
yypgo d P.yacc.o:
yyprevious D P.lex.o:
yyps D P.yacc.o:
yypv D P.yacc.o:
yyr1 d P.yacc.o:
yyr2 d P.yacc.o:
yys D P.yacc.o:
yysbuf D P.lex.o:
yysptr D P.lex.o:
yystate D P.yacc.o:
yysvec D P.lex.o:
yytchar D P.lex.o:
yytext D P.lex.o:
yytmp D P.yacc.o:
yytop D P.lex.o:
yyunput T P.lex.o:
yyv D P.yacc.o:
yyval D P.yacc.o:
yyvstop D P.lex.o:
yywrap T P.parse.o:
yywrap U P.lex.o:
zero d round.o:
